Analysis & Synthesis report for DDM
Sun Jun 02 19:33:12 2019
Quartus II 64-Bit Version 13.0.1 Build 232 06/12/2013 Service Pack 1 SJ Web Edition


---------------------
; Table of Contents ;
---------------------
  1. Legal Notice
  2. Analysis & Synthesis Summary
  3. Analysis & Synthesis Settings
  4. Parallel Compilation
  5. Analysis & Synthesis Source Files Read
  6. Analysis & Synthesis Resource Usage Summary
  7. Analysis & Synthesis Resource Utilization by Entity
  8. State Machine - |DDM|central:inst17|estado_pr
  9. State Machine - |DDM|Teclado:inst8|pr_state
 10. User-Specified and Inferred Latches
 11. General Register Statistics
 12. Multiplexer Restructuring Statistics (Restructuring Performed)
 13. Parameter Settings for Inferred Entity Instance: central:inst17|lpm_divide:Div0
 14. Elapsed Time Per Partition
 15. Analysis & Synthesis Messages



----------------
; Legal Notice ;
----------------
Copyright (C) 1991-2013 Altera Corporation
Your use of Altera Corporation's design tools, logic functions 
and other software and tools, and its AMPP partner logic 
functions, and any output files from any of the foregoing 
(including device programming or simulation files), and any 
associated documentation or information are expressly subject 
to the terms and conditions of the Altera Program License 
Subscription Agreement, Altera MegaCore Function License 
Agreement, or other applicable license agreement, including, 
without limitation, that your use is for the sole purpose of 
programming logic devices manufactured by Altera and sold by 
Altera or its authorized distributors.  Please refer to the 
applicable agreement for further details.



+--------------------------------------------------------------------------------------+
; Analysis & Synthesis Summary                                                         ;
+------------------------------------+-------------------------------------------------+
; Analysis & Synthesis Status        ; Successful - Sun Jun 02 19:33:12 2019           ;
; Quartus II 64-Bit Version          ; 13.0.1 Build 232 06/12/2013 SP 1 SJ Web Edition ;
; Revision Name                      ; DDM                                             ;
; Top-level Entity Name              ; DDM                                             ;
; Family                             ; Cyclone II                                      ;
; Total logic elements               ; 284                                             ;
;     Total combinational functions  ; 282                                             ;
;     Dedicated logic registers      ; 64                                              ;
; Total registers                    ; 64                                              ;
; Total pins                         ; 22                                              ;
; Total virtual pins                 ; 0                                               ;
; Total memory bits                  ; 0                                               ;
; Embedded Multiplier 9-bit elements ; 0                                               ;
; Total PLLs                         ; 0                                               ;
+------------------------------------+-------------------------------------------------+


+----------------------------------------------------------------------------------------------------------------------+
; Analysis & Synthesis Settings                                                                                        ;
+----------------------------------------------------------------------------+--------------------+--------------------+
; Option                                                                     ; Setting            ; Default Value      ;
+----------------------------------------------------------------------------+--------------------+--------------------+
; Top-level entity name                                                      ; DDM                ; DDM                ;
; Family name                                                                ; Cyclone II         ; Cyclone IV GX      ;
; Use smart compilation                                                      ; Off                ; Off                ;
; Enable parallel Assembler and TimeQuest Timing Analyzer during compilation ; On                 ; On                 ;
; Enable compact report table                                                ; Off                ; Off                ;
; Restructure Multiplexers                                                   ; Auto               ; Auto               ;
; Create Debugging Nodes for IP Cores                                        ; Off                ; Off                ;
; Preserve fewer node names                                                  ; On                 ; On                 ;
; Disable OpenCore Plus hardware evaluation                                  ; Off                ; Off                ;
; Verilog Version                                                            ; Verilog_2001       ; Verilog_2001       ;
; VHDL Version                                                               ; VHDL_1993          ; VHDL_1993          ;
; State Machine Processing                                                   ; Auto               ; Auto               ;
; Safe State Machine                                                         ; Off                ; Off                ;
; Extract Verilog State Machines                                             ; On                 ; On                 ;
; Extract VHDL State Machines                                                ; On                 ; On                 ;
; Ignore Verilog initial constructs                                          ; Off                ; Off                ;
; Iteration limit for constant Verilog loops                                 ; 5000               ; 5000               ;
; Iteration limit for non-constant Verilog loops                             ; 250                ; 250                ;
; Add Pass-Through Logic to Inferred RAMs                                    ; On                 ; On                 ;
; Infer RAMs from Raw Logic                                                  ; On                 ; On                 ;
; Parallel Synthesis                                                         ; On                 ; On                 ;
; DSP Block Balancing                                                        ; Auto               ; Auto               ;
; NOT Gate Push-Back                                                         ; On                 ; On                 ;
; Power-Up Don't Care                                                        ; On                 ; On                 ;
; Remove Redundant Logic Cells                                               ; Off                ; Off                ;
; Remove Duplicate Registers                                                 ; On                 ; On                 ;
; Ignore CARRY Buffers                                                       ; Off                ; Off                ;
; Ignore CASCADE Buffers                                                     ; Off                ; Off                ;
; Ignore GLOBAL Buffers                                                      ; Off                ; Off                ;
; Ignore ROW GLOBAL Buffers                                                  ; Off                ; Off                ;
; Ignore LCELL Buffers                                                       ; Off                ; Off                ;
; Ignore SOFT Buffers                                                        ; On                 ; On                 ;
; Limit AHDL Integers to 32 Bits                                             ; Off                ; Off                ;
; Optimization Technique                                                     ; Balanced           ; Balanced           ;
; Carry Chain Length                                                         ; 70                 ; 70                 ;
; Auto Carry Chains                                                          ; On                 ; On                 ;
; Auto Open-Drain Pins                                                       ; On                 ; On                 ;
; Perform WYSIWYG Primitive Resynthesis                                      ; Off                ; Off                ;
; Auto ROM Replacement                                                       ; On                 ; On                 ;
; Auto RAM Replacement                                                       ; On                 ; On                 ;
; Auto Shift Register Replacement                                            ; Auto               ; Auto               ;
; Allow Shift Register Merging across Hierarchies                            ; Auto               ; Auto               ;
; Auto Clock Enable Replacement                                              ; On                 ; On                 ;
; Strict RAM Replacement                                                     ; Off                ; Off                ;
; Allow Synchronous Control Signals                                          ; On                 ; On                 ;
; Force Use of Synchronous Clear Signals                                     ; Off                ; Off                ;
; Auto RAM to Logic Cell Conversion                                          ; Off                ; Off                ;
; Auto Resource Sharing                                                      ; Off                ; Off                ;
; Allow Any RAM Size For Recognition                                         ; Off                ; Off                ;
; Allow Any ROM Size For Recognition                                         ; Off                ; Off                ;
; Allow Any Shift Register Size For Recognition                              ; Off                ; Off                ;
; Use LogicLock Constraints during Resource Balancing                        ; On                 ; On                 ;
; Ignore translate_off and synthesis_off directives                          ; Off                ; Off                ;
; Timing-Driven Synthesis                                                    ; Off                ; Off                ;
; Report Parameter Settings                                                  ; On                 ; On                 ;
; Report Source Assignments                                                  ; On                 ; On                 ;
; Report Connectivity Checks                                                 ; On                 ; On                 ;
; Ignore Maximum Fan-Out Assignments                                         ; Off                ; Off                ;
; Synchronization Register Chain Length                                      ; 2                  ; 2                  ;
; PowerPlay Power Optimization                                               ; Normal compilation ; Normal compilation ;
; HDL message level                                                          ; Level2             ; Level2             ;
; Suppress Register Optimization Related Messages                            ; Off                ; Off                ;
; Number of Removed Registers Reported in Synthesis Report                   ; 5000               ; 5000               ;
; Number of Swept Nodes Reported in Synthesis Report                         ; 5000               ; 5000               ;
; Number of Inverted Registers Reported in Synthesis Report                  ; 100                ; 100                ;
; Clock MUX Protection                                                       ; On                 ; On                 ;
; Auto Gated Clock Conversion                                                ; Off                ; Off                ;
; Block Design Naming                                                        ; Auto               ; Auto               ;
; SDC constraint protection                                                  ; Off                ; Off                ;
; Synthesis Effort                                                           ; Auto               ; Auto               ;
; Shift Register Replacement - Allow Asynchronous Clear Signal               ; On                 ; On                 ;
; Pre-Mapping Resynthesis Optimization                                       ; Off                ; Off                ;
; Analysis & Synthesis Message Level                                         ; Medium             ; Medium             ;
; Disable Register Merging Across Hierarchies                                ; Auto               ; Auto               ;
; Resource Aware Inference For Block RAM                                     ; On                 ; On                 ;
; Synthesis Seed                                                             ; 1                  ; 1                  ;
+----------------------------------------------------------------------------+--------------------+--------------------+


Parallel compilation was disabled, but you have multiple processors available. Enable parallel compilation to reduce compilation time.
+-------------------------------------+
; Parallel Compilation                ;
+----------------------------+--------+
; Processors                 ; Number ;
+----------------------------+--------+
; Number detected on machine ; 12     ;
; Maximum allowed            ; 1      ;
+----------------------------+--------+


+---------------------------------------------------------------------------------------------------------------------------------------------------------------------------------------------+
; Analysis & Synthesis Source Files Read                                                                                                                                                      ;
+----------------------------------+-----------------+------------------------------------+-----------------------------------------------------------------------------------------+---------+
; File Name with User-Entered Path ; Used in Netlist ; File Type                          ; File Name with Absolute Path                                                            ; Library ;
+----------------------------------+-----------------+------------------------------------+-----------------------------------------------------------------------------------------+---------+
; Central.vhd                      ; yes             ; User VHDL File                     ; C:/Users/migue/Documents/GitHub/ProyectoDDM/ProyectoAhoraSi2/Central.vhd                ;         ;
; dec_tec1.vhd                     ; yes             ; User VHDL File                     ; C:/Users/migue/Documents/GitHub/ProyectoDDM/ProyectoAhoraSi2/dec_tec1.vhd               ;         ;
; Divisor.vhd                      ; yes             ; User VHDL File                     ; C:/Users/migue/Documents/GitHub/ProyectoDDM/ProyectoAhoraSi2/Divisor.vhd                ;         ;
; DDM.bdf                          ; yes             ; User Block Diagram/Schematic File  ; C:/Users/migue/Documents/GitHub/ProyectoDDM/ProyectoAhoraSi2/DDM.bdf                    ;         ;
; lpm_divide.tdf                   ; yes             ; Megafunction                       ; d:/programas/quartuswe/quartus/libraries/megafunctions/lpm_divide.tdf                   ;         ;
; abs_divider.inc                  ; yes             ; Megafunction                       ; d:/programas/quartuswe/quartus/libraries/megafunctions/abs_divider.inc                  ;         ;
; sign_div_unsign.inc              ; yes             ; Megafunction                       ; d:/programas/quartuswe/quartus/libraries/megafunctions/sign_div_unsign.inc              ;         ;
; aglobal130.inc                   ; yes             ; Megafunction                       ; d:/programas/quartuswe/quartus/libraries/megafunctions/aglobal130.inc                   ;         ;
; db/lpm_divide_aem.tdf            ; yes             ; Auto-Generated Megafunction        ; C:/Users/migue/Documents/GitHub/ProyectoDDM/ProyectoAhoraSi2/db/lpm_divide_aem.tdf      ;         ;
; db/sign_div_unsign_klh.tdf       ; yes             ; Auto-Generated Megafunction        ; C:/Users/migue/Documents/GitHub/ProyectoDDM/ProyectoAhoraSi2/db/sign_div_unsign_klh.tdf ;         ;
; db/alt_u_div_a2f.tdf             ; yes             ; Auto-Generated Megafunction        ; C:/Users/migue/Documents/GitHub/ProyectoDDM/ProyectoAhoraSi2/db/alt_u_div_a2f.tdf       ;         ;
; db/add_sub_lkc.tdf               ; yes             ; Auto-Generated Megafunction        ; C:/Users/migue/Documents/GitHub/ProyectoDDM/ProyectoAhoraSi2/db/add_sub_lkc.tdf         ;         ;
; db/add_sub_mkc.tdf               ; yes             ; Auto-Generated Megafunction        ; C:/Users/migue/Documents/GitHub/ProyectoDDM/ProyectoAhoraSi2/db/add_sub_mkc.tdf         ;         ;
+----------------------------------+-----------------+------------------------------------+-----------------------------------------------------------------------------------------+---------+


+----------------------------------------------------------------------+
; Analysis & Synthesis Resource Usage Summary                          ;
+---------------------------------------------+------------------------+
; Resource                                    ; Usage                  ;
+---------------------------------------------+------------------------+
; Estimated Total logic elements              ; 284                    ;
;                                             ;                        ;
; Total combinational functions               ; 282                    ;
; Logic element usage by number of LUT inputs ;                        ;
;     -- 4 input functions                    ; 68                     ;
;     -- 3 input functions                    ; 92                     ;
;     -- <=2 input functions                  ; 122                    ;
;                                             ;                        ;
; Logic elements by mode                      ;                        ;
;     -- normal mode                          ; 189                    ;
;     -- arithmetic mode                      ; 93                     ;
;                                             ;                        ;
; Total registers                             ; 64                     ;
;     -- Dedicated logic registers            ; 64                     ;
;     -- I/O registers                        ; 0                      ;
;                                             ;                        ;
; I/O pins                                    ; 22                     ;
; Embedded Multiplier 9-bit elements          ; 0                      ;
; Maximum fan-out node                        ; divisor:inst|clk_state ;
; Maximum fan-out                             ; 41                     ;
; Total fan-out                               ; 977                    ;
; Average fan-out                             ; 2.65                   ;
+---------------------------------------------+------------------------+


+--------------------------------------------------------------------------------------------------------------------------------------------------------------------------------------------------------------------------------------------------------------------------------------------+
; Analysis & Synthesis Resource Utilization by Entity                                                                                                                                                                                                                                        ;
+-------------------------------------------+-------------------+--------------+-------------+--------------+---------+-----------+------+--------------+---------------------------------------------------------------------------------------------------------------------+--------------+
; Compilation Hierarchy Node                ; LC Combinationals ; LC Registers ; Memory Bits ; DSP Elements ; DSP 9x9 ; DSP 18x18 ; Pins ; Virtual Pins ; Full Hierarchy Name                                                                                                 ; Library Name ;
+-------------------------------------------+-------------------+--------------+-------------+--------------+---------+-----------+------+--------------+---------------------------------------------------------------------------------------------------------------------+--------------+
; |DDM                                      ; 282 (0)           ; 64 (0)       ; 0           ; 0            ; 0       ; 0         ; 22   ; 0            ; |DDM                                                                                                                ; work         ;
;    |Teclado:inst8|                        ; 9 (9)             ; 4 (4)        ; 0           ; 0            ; 0       ; 0         ; 0    ; 0            ; |DDM|Teclado:inst8                                                                                                  ; work         ;
;    |central:inst17|                       ; 252 (170)         ; 43 (43)      ; 0           ; 0            ; 0       ; 0         ; 0    ; 0            ; |DDM|central:inst17                                                                                                 ; work         ;
;       |lpm_divide:Div0|                   ; 82 (0)            ; 0 (0)        ; 0           ; 0            ; 0       ; 0         ; 0    ; 0            ; |DDM|central:inst17|lpm_divide:Div0                                                                                 ; work         ;
;          |lpm_divide_aem:auto_generated|  ; 82 (0)            ; 0 (0)        ; 0           ; 0            ; 0       ; 0         ; 0    ; 0            ; |DDM|central:inst17|lpm_divide:Div0|lpm_divide_aem:auto_generated                                                   ; work         ;
;             |sign_div_unsign_klh:divider| ; 82 (0)            ; 0 (0)        ; 0           ; 0            ; 0       ; 0         ; 0    ; 0            ; |DDM|central:inst17|lpm_divide:Div0|lpm_divide_aem:auto_generated|sign_div_unsign_klh:divider                       ; work         ;
;                |alt_u_div_a2f:divider|    ; 82 (82)           ; 0 (0)        ; 0           ; 0            ; 0       ; 0         ; 0    ; 0            ; |DDM|central:inst17|lpm_divide:Div0|lpm_divide_aem:auto_generated|sign_div_unsign_klh:divider|alt_u_div_a2f:divider ; work         ;
;    |divisor:inst|                         ; 21 (21)           ; 17 (17)      ; 0           ; 0            ; 0       ; 0         ; 0    ; 0            ; |DDM|divisor:inst                                                                                                   ; work         ;
+-------------------------------------------+-------------------+--------------+-------------+--------------+---------+-----------+------+--------------+---------------------------------------------------------------------------------------------------------------------+--------------+
Note: For table entries with two numbers listed, the numbers in parentheses indicate the number of resources of the given type used by the specific entity alone. The numbers listed outside of parentheses indicate the total resources of the given type used by the specific entity and all of its sub-entities in the hierarchy.


Encoding Type:  One-Hot
+-----------------------------------------------------------------------------------------------------------------------------------------------------+
; State Machine - |DDM|central:inst17|estado_pr                                                                                                       ;
+--------------+--------------+--------------+--------------+--------------+--------------+--------------+--------------+--------------+--------------+
; Name         ; estado_pr.S9 ; estado_pr.S8 ; estado_pr.S7 ; estado_pr.S6 ; estado_pr.S5 ; estado_pr.S4 ; estado_pr.S3 ; estado_pr.S1 ; estado_pr.S0 ;
+--------------+--------------+--------------+--------------+--------------+--------------+--------------+--------------+--------------+--------------+
; estado_pr.S0 ; 0            ; 0            ; 0            ; 0            ; 0            ; 0            ; 0            ; 0            ; 0            ;
; estado_pr.S1 ; 0            ; 0            ; 0            ; 0            ; 0            ; 0            ; 0            ; 1            ; 1            ;
; estado_pr.S3 ; 0            ; 0            ; 0            ; 0            ; 0            ; 0            ; 1            ; 0            ; 1            ;
; estado_pr.S4 ; 0            ; 0            ; 0            ; 0            ; 0            ; 1            ; 0            ; 0            ; 1            ;
; estado_pr.S5 ; 0            ; 0            ; 0            ; 0            ; 1            ; 0            ; 0            ; 0            ; 1            ;
; estado_pr.S6 ; 0            ; 0            ; 0            ; 1            ; 0            ; 0            ; 0            ; 0            ; 1            ;
; estado_pr.S7 ; 0            ; 0            ; 1            ; 0            ; 0            ; 0            ; 0            ; 0            ; 1            ;
; estado_pr.S8 ; 0            ; 1            ; 0            ; 0            ; 0            ; 0            ; 0            ; 0            ; 1            ;
; estado_pr.S9 ; 1            ; 0            ; 0            ; 0            ; 0            ; 0            ; 0            ; 0            ; 1            ;
+--------------+--------------+--------------+--------------+--------------+--------------+--------------+--------------+--------------+--------------+


Encoding Type:  One-Hot
+---------------------------------------------------------------------+
; State Machine - |DDM|Teclado:inst8|pr_state                         ;
+-------------+-------------+-------------+-------------+-------------+
; Name        ; pr_state.s3 ; pr_state.s2 ; pr_state.s1 ; pr_state.s0 ;
+-------------+-------------+-------------+-------------+-------------+
; pr_state.s0 ; 0           ; 0           ; 0           ; 0           ;
; pr_state.s1 ; 0           ; 0           ; 1           ; 1           ;
; pr_state.s2 ; 0           ; 1           ; 0           ; 1           ;
; pr_state.s3 ; 1           ; 0           ; 0           ; 1           ;
+-------------+-------------+-------------+-------------+-------------+


+----------------------------------------------------------------------------------------------------------+
; User-Specified and Inferred Latches                                                                      ;
+-----------------------------------------------------+---------------------------+------------------------+
; Latch Name                                          ; Latch Enable Signal       ; Free of Timing Hazards ;
+-----------------------------------------------------+---------------------------+------------------------+
; central:inst17|litros[7]                            ; central:inst17|WideOr9    ; yes                    ;
; central:inst17|litros[8]                            ; central:inst17|WideOr9    ; yes                    ;
; central:inst17|litros[9]                            ; central:inst17|WideOr9    ; yes                    ;
; central:inst17|litros[6]                            ; central:inst17|WideOr9    ; yes                    ;
; central:inst17|litros[5]                            ; central:inst17|WideOr9    ; yes                    ;
; central:inst17|litros[4]                            ; central:inst17|WideOr9    ; yes                    ;
; central:inst17|litros[3]                            ; central:inst17|WideOr9    ; yes                    ;
; central:inst17|litros[2]                            ; central:inst17|WideOr9    ; yes                    ;
; central:inst17|litros[1]                            ; central:inst17|WideOr9    ; yes                    ;
; central:inst17|litros[0]                            ; central:inst17|WideOr9    ; yes                    ;
; central:inst17|contador[7]                          ; central:inst17|Selector34 ; yes                    ;
; central:inst17|contador[8]                          ; central:inst17|Selector34 ; yes                    ;
; central:inst17|contador[9]                          ; central:inst17|Selector34 ; yes                    ;
; central:inst17|contador[6]                          ; central:inst17|Selector34 ; yes                    ;
; central:inst17|precio[9]                            ; central:inst17|WideOr9    ; yes                    ;
; central:inst17|contador[5]                          ; central:inst17|Selector34 ; yes                    ;
; central:inst17|precio[8]                            ; central:inst17|WideOr9    ; yes                    ;
; central:inst17|contador[4]                          ; central:inst17|Selector34 ; yes                    ;
; central:inst17|precio[7]                            ; central:inst17|WideOr9    ; yes                    ;
; central:inst17|contador[3]                          ; central:inst17|Selector34 ; yes                    ;
; central:inst17|precio[6]                            ; central:inst17|WideOr9    ; yes                    ;
; central:inst17|contador[2]                          ; central:inst17|Selector34 ; yes                    ;
; central:inst17|precio[5]                            ; central:inst17|WideOr9    ; yes                    ;
; central:inst17|contador[1]                          ; central:inst17|Selector34 ; yes                    ;
; central:inst17|precio[4]                            ; central:inst17|WideOr9    ; yes                    ;
; central:inst17|contador[0]                          ; central:inst17|Selector34 ; yes                    ;
; central:inst17|precio[3]                            ; central:inst17|WideOr9    ; yes                    ;
; central:inst17|precio[2]                            ; central:inst17|WideOr9    ; yes                    ;
; central:inst17|precio[1]                            ; central:inst17|WideOr9    ; yes                    ;
; Number of user-specified and inferred latches = 29  ;                           ;                        ;
+-----------------------------------------------------+---------------------------+------------------------+
Note: All latches listed above may not be present at the end of synthesis due to various synthesis optimizations.


+------------------------------------------------------+
; General Register Statistics                          ;
+----------------------------------------------+-------+
; Statistic                                    ; Value ;
+----------------------------------------------+-------+
; Total registers                              ; 64    ;
; Number of registers using Synchronous Clear  ; 49    ;
; Number of registers using Synchronous Load   ; 0     ;
; Number of registers using Asynchronous Clear ; 9     ;
; Number of registers using Asynchronous Load  ; 0     ;
; Number of registers using Clock Enable       ; 4     ;
; Number of registers using Preset             ; 0     ;
+----------------------------------------------+-------+


+----------------------------------------------------------------------------------------------------------------------------------------------+
; Multiplexer Restructuring Statistics (Restructuring Performed)                                                                               ;
+--------------------+-----------+---------------+----------------------+------------------------+------------+--------------------------------+
; Multiplexer Inputs ; Bus Width ; Baseline Area ; Area if Restructured ; Saving if Restructured ; Registered ; Example Multiplexer Output     ;
+--------------------+-----------+---------------+----------------------+------------------------+------------+--------------------------------+
; 3:1                ; 2 bits    ; 4 LEs         ; 4 LEs                ; 0 LEs                  ; No         ; |DDM|central:inst17|Selector25 ;
; 3:1                ; 7 bits    ; 14 LEs        ; 14 LEs               ; 0 LEs                  ; No         ; |DDM|central:inst17|Selector29 ;
; 3:1                ; 3 bits    ; 6 LEs         ; 6 LEs                ; 0 LEs                  ; No         ; |DDM|central:inst17|Selector20 ;
; 3:1                ; 7 bits    ; 14 LEs        ; 14 LEs               ; 0 LEs                  ; No         ; |DDM|central:inst17|Selector7  ;
+--------------------+-----------+---------------+----------------------+------------------------+------------+--------------------------------+


+---------------------------------------------------------------------------------+
; Parameter Settings for Inferred Entity Instance: central:inst17|lpm_divide:Div0 ;
+------------------------+----------------+---------------------------------------+
; Parameter Name         ; Value          ; Type                                  ;
+------------------------+----------------+---------------------------------------+
; LPM_WIDTHN             ; 10             ; Untyped                               ;
; LPM_WIDTHD             ; 4              ; Untyped                               ;
; LPM_NREPRESENTATION    ; UNSIGNED       ; Untyped                               ;
; LPM_DREPRESENTATION    ; UNSIGNED       ; Untyped                               ;
; LPM_PIPELINE           ; 0              ; Untyped                               ;
; LPM_REMAINDERPOSITIVE  ; TRUE           ; Untyped                               ;
; MAXIMIZE_SPEED         ; 5              ; Untyped                               ;
; CBXI_PARAMETER         ; lpm_divide_aem ; Untyped                               ;
; CARRY_CHAIN            ; MANUAL         ; Untyped                               ;
; OPTIMIZE_FOR_SPEED     ; 5              ; Untyped                               ;
; AUTO_CARRY_CHAINS      ; ON             ; AUTO_CARRY                            ;
; IGNORE_CARRY_BUFFERS   ; OFF            ; IGNORE_CARRY                          ;
; AUTO_CASCADE_CHAINS    ; ON             ; AUTO_CASCADE                          ;
; IGNORE_CASCADE_BUFFERS ; OFF            ; IGNORE_CASCADE                        ;
+------------------------+----------------+---------------------------------------+
Note: In order to hide this table in the UI and the text report file, please set the "Show Parameter Settings in Synthesis Report" option in "Analysis and Synthesis Settings -> More Settings" to "Off".


+-------------------------------+
; Elapsed Time Per Partition    ;
+----------------+--------------+
; Partition Name ; Elapsed Time ;
+----------------+--------------+
; Top            ; 00:00:00     ;
+----------------+--------------+


+-------------------------------+
; Analysis & Synthesis Messages ;
+-------------------------------+
Info: *******************************************************************
Info: Running Quartus II 64-Bit Analysis & Synthesis
    Info: Version 13.0.1 Build 232 06/12/2013 Service Pack 1 SJ Web Edition
    Info: Processing started: Sun Jun 02 19:33:10 2019
Info: Command: quartus_map --read_settings_files=on --write_settings_files=off DDM -c DDM
Warning (20028): Parallel compilation is not licensed and has been disabled
Info (12021): Found 2 design units, including 1 entities, in source file bcd_7seg.vhd
    Info (12022): Found design unit 1: BCD_7Seg-Behavioral
    Info (12023): Found entity 1: BCD_7Seg
Info (12021): Found 2 design units, including 1 entities, in source file central.vhd
    Info (12022): Found design unit 1: central-Behavioral
    Info (12023): Found entity 1: central
Info (12021): Found 2 design units, including 1 entities, in source file dec_tec1.vhd
    Info (12022): Found design unit 1: Teclado-behavior
    Info (12023): Found entity 1: Teclado
Info (12021): Found 2 design units, including 1 entities, in source file divisor.vhd
    Info (12022): Found design unit 1: divisor-Behavioral
    Info (12023): Found entity 1: divisor
Info (12021): Found 1 design units, including 1 entities, in source file ddm.bdf
    Info (12023): Found entity 1: DDM
Info (12021): Found 0 design units, including 0 entities, in source file test.vhd
Info (12127): Elaborating entity "DDM" for the top level hierarchy
Info (12128): Elaborating entity "Teclado" for hierarchy "Teclado:inst8"
Warning (10492): VHDL Process Statement warning at dec_tec1.vhd(45): signal "pr_state" is read inside the Process Statement but isn't in the Process Statement's sensitivity list
Info (12128): Elaborating entity "divisor" for hierarchy "divisor:inst"
Info (12128): Elaborating entity "central" for hierarchy "central:inst17"
Warning (10492): VHDL Process Statement warning at Central.vhd(120): signal "cont" is read inside the Process Statement but isn't in the Process Statement's sensitivity list
Warning (10492): VHDL Process Statement warning at Central.vhd(137): signal "cont" is read inside the Process Statement but isn't in the Process Statement's sensitivity list
Warning (10492): VHDL Process Statement warning at Central.vhd(168): signal "cont" is read inside the Process Statement but isn't in the Process Statement's sensitivity list
Warning (10492): VHDL Process Statement warning at Central.vhd(185): signal "cont" is read inside the Process Statement but isn't in the Process Statement's sensitivity list
Warning (10631): VHDL Process Statement warning at Central.vhd(49): inferring latch(es) for signal or variable "contador", which holds its previous value in one or more paths through the process
Warning (10631): VHDL Process Statement warning at Central.vhd(49): inferring latch(es) for signal or variable "precio", which holds its previous value in one or more paths through the process
Warning (10631): VHDL Process Statement warning at Central.vhd(49): inferring latch(es) for signal or variable "litros", which holds its previous value in one or more paths through the process
Info (10041): Inferred latch for "litros[0]" at Central.vhd(49)
Info (10041): Inferred latch for "litros[1]" at Central.vhd(49)
Info (10041): Inferred latch for "litros[2]" at Central.vhd(49)
Info (10041): Inferred latch for "litros[3]" at Central.vhd(49)
Info (10041): Inferred latch for "litros[4]" at Central.vhd(49)
Info (10041): Inferred latch for "litros[5]" at Central.vhd(49)
Info (10041): Inferred latch for "litros[6]" at Central.vhd(49)
Info (10041): Inferred latch for "litros[7]" at Central.vhd(49)
Info (10041): Inferred latch for "litros[8]" at Central.vhd(49)
Info (10041): Inferred latch for "litros[9]" at Central.vhd(49)
Info (10041): Inferred latch for "precio[0]" at Central.vhd(49)
Info (10041): Inferred latch for "precio[1]" at Central.vhd(49)
Info (10041): Inferred latch for "precio[2]" at Central.vhd(49)
Info (10041): Inferred latch for "precio[3]" at Central.vhd(49)
Info (10041): Inferred latch for "precio[4]" at Central.vhd(49)
Info (10041): Inferred latch for "precio[5]" at Central.vhd(49)
Info (10041): Inferred latch for "precio[6]" at Central.vhd(49)
Info (10041): Inferred latch for "precio[7]" at Central.vhd(49)
Info (10041): Inferred latch for "precio[8]" at Central.vhd(49)
Info (10041): Inferred latch for "precio[9]" at Central.vhd(49)
Info (10041): Inferred latch for "contador[0]" at Central.vhd(49)
Info (10041): Inferred latch for "contador[1]" at Central.vhd(49)
Info (10041): Inferred latch for "contador[2]" at Central.vhd(49)
Info (10041): Inferred latch for "contador[3]" at Central.vhd(49)
Info (10041): Inferred latch for "contador[4]" at Central.vhd(49)
Info (10041): Inferred latch for "contador[5]" at Central.vhd(49)
Info (10041): Inferred latch for "contador[6]" at Central.vhd(49)
Info (10041): Inferred latch for "contador[7]" at Central.vhd(49)
Info (10041): Inferred latch for "contador[8]" at Central.vhd(49)
Info (10041): Inferred latch for "contador[9]" at Central.vhd(49)
Info (278001): Inferred 1 megafunctions from design logic
    Info (278004): Inferred divider/modulo megafunction ("lpm_divide") from the following logic: "central:inst17|Div0"
Info (12130): Elaborated megafunction instantiation "central:inst17|lpm_divide:Div0"
Info (12133): Instantiated megafunction "central:inst17|lpm_divide:Div0" with the following parameter:
    Info (12134): Parameter "LPM_WIDTHN" = "10"
    Info (12134): Parameter "LPM_WIDTHD" = "4"
    Info (12134): Parameter "LPM_NREPRESENTATION" = "UNSIGNED"
    Info (12134): Parameter "LPM_DREPRESENTATION" = "UNSIGNED"
Info (12021): Found 1 design units, including 1 entities, in source file db/lpm_divide_aem.tdf
    Info (12023): Found entity 1: lpm_divide_aem
Info (12021): Found 1 design units, including 1 entities, in source file db/sign_div_unsign_klh.tdf
    Info (12023): Found entity 1: sign_div_unsign_klh
Info (12021): Found 1 design units, including 1 entities, in source file db/alt_u_div_a2f.tdf
    Info (12023): Found entity 1: alt_u_div_a2f
Info (12021): Found 1 design units, including 1 entities, in source file db/add_sub_lkc.tdf
    Info (12023): Found entity 1: add_sub_lkc
Info (12021): Found 1 design units, including 1 entities, in source file db/add_sub_mkc.tdf
    Info (12023): Found entity 1: add_sub_mkc
Warning (13012): Latch central:inst17|litros[7] has unsafe behavior
    Warning (13013): Ports D and ENA on the latch are fed by the same signal central:inst17|estado_pr.S8
Warning (13012): Latch central:inst17|litros[8] has unsafe behavior
    Warning (13013): Ports D and ENA on the latch are fed by the same signal central:inst17|estado_pr.S8
Warning (13012): Latch central:inst17|litros[9] has unsafe behavior
    Warning (13013): Ports D and ENA on the latch are fed by the same signal central:inst17|estado_pr.S8
Warning (13012): Latch central:inst17|litros[6] has unsafe behavior
    Warning (13013): Ports D and ENA on the latch are fed by the same signal central:inst17|estado_pr.S7
Warning (13012): Latch central:inst17|litros[5] has unsafe behavior
    Warning (13013): Ports D and ENA on the latch are fed by the same signal central:inst17|estado_pr.S7
Warning (13012): Latch central:inst17|litros[4] has unsafe behavior
    Warning (13013): Ports D and ENA on the latch are fed by the same signal central:inst17|estado_pr.S7
Warning (13012): Latch central:inst17|litros[3] has unsafe behavior
    Warning (13013): Ports D and ENA on the latch are fed by the same signal central:inst17|estado_pr.S7
Warning (13012): Latch central:inst17|litros[2] has unsafe behavior
    Warning (13013): Ports D and ENA on the latch are fed by the same signal central:inst17|estado_pr.S7
Warning (13012): Latch central:inst17|litros[1] has unsafe behavior
    Warning (13013): Ports D and ENA on the latch are fed by the same signal central:inst17|estado_pr.S7
Warning (13012): Latch central:inst17|litros[0] has unsafe behavior
    Warning (13013): Ports D and ENA on the latch are fed by the same signal central:inst17|estado_pr.S7
Warning (13012): Latch central:inst17|contador[7] has unsafe behavior
    Warning (13013): Ports D and ENA on the latch are fed by the same signal central:inst17|estado_pr.S1
Warning (13012): Latch central:inst17|contador[8] has unsafe behavior
    Warning (13013): Ports D and ENA on the latch are fed by the same signal central:inst17|estado_pr.S1
Warning (13012): Latch central:inst17|contador[9] has unsafe behavior
    Warning (13013): Ports D and ENA on the latch are fed by the same signal central:inst17|estado_pr.S1
Warning (13012): Latch central:inst17|contador[6] has unsafe behavior
    Warning (13013): Ports D and ENA on the latch are fed by the same signal central:inst17|estado_pr.S1
Warning (13012): Latch central:inst17|precio[9] has unsafe behavior
    Warning (13013): Ports D and ENA on the latch are fed by the same signal central:inst17|estado_pr.S9
Warning (13012): Latch central:inst17|contador[5] has unsafe behavior
    Warning (13013): Ports D and ENA on the latch are fed by the same signal central:inst17|estado_pr.S1
Warning (13012): Latch central:inst17|precio[8] has unsafe behavior
    Warning (13013): Ports D and ENA on the latch are fed by the same signal central:inst17|estado_pr.S9
Warning (13012): Latch central:inst17|contador[4] has unsafe behavior
    Warning (13013): Ports D and ENA on the latch are fed by the same signal central:inst17|estado_pr.S1
Warning (13012): Latch central:inst17|precio[7] has unsafe behavior
    Warning (13013): Ports D and ENA on the latch are fed by the same signal central:inst17|estado_pr.S9
Warning (13012): Latch central:inst17|contador[3] has unsafe behavior
    Warning (13013): Ports D and ENA on the latch are fed by the same signal central:inst17|estado_pr.S1
Warning (13012): Latch central:inst17|precio[6] has unsafe behavior
    Warning (13013): Ports D and ENA on the latch are fed by the same signal central:inst17|estado_pr.S9
Warning (13012): Latch central:inst17|contador[2] has unsafe behavior
    Warning (13013): Ports D and ENA on the latch are fed by the same signal central:inst17|estado_pr.S1
Warning (13012): Latch central:inst17|precio[5] has unsafe behavior
    Warning (13013): Ports D and ENA on the latch are fed by the same signal central:inst17|estado_pr.S9
Warning (13012): Latch central:inst17|contador[1] has unsafe behavior
    Warning (13013): Ports D and ENA on the latch are fed by the same signal central:inst17|estado_pr.S1
Warning (13012): Latch central:inst17|precio[4] has unsafe behavior
    Warning (13013): Ports D and ENA on the latch are fed by the same signal central:inst17|estado_pr.S9
Warning (13012): Latch central:inst17|contador[0] has unsafe behavior
    Warning (13013): Ports D and ENA on the latch are fed by the same signal Teclado:inst8|pr_state.s0
Warning (13012): Latch central:inst17|precio[3] has unsafe behavior
    Warning (13013): Ports D and ENA on the latch are fed by the same signal central:inst17|estado_pr.S9
Warning (13012): Latch central:inst17|precio[2] has unsafe behavior
    Warning (13013): Ports D and ENA on the latch are fed by the same signal central:inst17|estado_pr.S9
Warning (13012): Latch central:inst17|precio[1] has unsafe behavior
    Warning (13013): Ports D and ENA on the latch are fed by the same signal central:inst17|estado_pr.S9
Info (16010): Generating hard_block partition "hard_block:auto_generated_inst"
    Info (16011): Adding 0 node(s), including 0 DDIO, 0 PLL, 0 transceiver and 0 LCELL
Info (21057): Implemented 306 device resources after synthesis - the final resource count might be different
    Info (21058): Implemented 7 input pins
    Info (21059): Implemented 15 output pins
    Info (21061): Implemented 284 logic cells
Info: Quartus II 64-Bit Analysis & Synthesis was successful. 0 errors, 67 warnings
    Info: Peak virtual memory: 4674 megabytes
    Info: Processing ended: Sun Jun 02 19:33:12 2019
    Info: Elapsed time: 00:00:02
    Info: Total CPU time (on all processors): 00:00:02


