Flow report for DDM
Fri May 31 19:35:21 2019
Quartus II Version 9.1 Build 350 03/24/2010 Service Pack 2 SJ Web Edition


---------------------
; Table of Contents ;
---------------------
  1. Legal Notice
  2. Flow Summary
  3. Flow Settings
  4. Flow Non-Default Global Settings
  5. Flow Elapsed Time
  6. Flow OS Summary
  7. Flow Log



----------------
; Legal Notice ;
----------------
Copyright (C) 1991-2010 Altera Corporation
Your use of Altera Corporation's design tools, logic functions 
and other software and tools, and its AMPP partner logic 
functions, and any output files from any of the foregoing 
(including device programming or simulation files), and any 
associated documentation or information are expressly subject 
to the terms and conditions of the Altera Program License 
Subscription Agreement, Altera MegaCore Function License 
Agreement, or other applicable license agreement, including, 
without limitation, that your use is for the sole purpose of 
programming logic devices manufactured by Altera and sold by 
Altera or its authorized distributors.  Please refer to the 
applicable agreement for further details.



+------------------------------------------------------------------------+
; Flow Summary                                                           ;
+-------------------------+----------------------------------------------+
; Flow Status             ; Successful - Fri May 31 19:35:20 2019        ;
; Quartus II Version      ; 9.1 Build 350 03/24/2010 SP 2 SJ Web Edition ;
; Revision Name           ; DDM                                          ;
; Top-level Entity Name   ; DDM                                          ;
; Family                  ; MAX II                                       ;
; Device                  ; EPM240T100C5                                 ;
; Timing Models           ; Final                                        ;
; Met timing requirements ; Yes                                          ;
; Total logic elements    ; 63 / 240 ( 26 % )                            ;
; Total pins              ; 22 / 80 ( 28 % )                             ;
; Total virtual pins      ; 0                                            ;
; UFM blocks              ; 0 / 1 ( 0 % )                                ;
+-------------------------+----------------------------------------------+


+-----------------------------------------+
; Flow Settings                           ;
+-------------------+---------------------+
; Option            ; Setting             ;
+-------------------+---------------------+
; Start date & time ; 05/31/2019 19:34:56 ;
; Main task         ; Compilation         ;
; Revision Name     ; DDM                 ;
+-------------------+---------------------+


+-------------------------------------------------------------------------------------------------------------------------------------------------+
; Flow Non-Default Global Settings                                                                                                                ;
+---------------------------------------+----------------------------------------------------------+---------------+-------------+----------------+
; Assignment Name                       ; Value                                                    ; Default Value ; Entity Name ; Section Id     ;
+---------------------------------------+----------------------------------------------------------+---------------+-------------+----------------+
; COMPILER_SIGNATURE_ID                 ; 82142654086.155934929601560                              ; --            ; --          ; --             ;
; EDA_OUTPUT_DATA_FORMAT                ; Vhdl                                                     ; --            ; --          ; eda_simulation ;
; EDA_SIMULATION_TOOL                   ; ModelSim (VHDL)                                          ; <None>        ; --          ; --             ;
; EDA_TIME_SCALE                        ; 1 ps                                                     ; --            ; --          ; eda_simulation ;
; MAX_CORE_JUNCTION_TEMP                ; 85                                                       ; --            ; --          ; --             ;
; MIN_CORE_JUNCTION_TEMP                ; 0                                                        ; --            ; --          ; --             ;
; MISC_FILE                             ; E:/ProyectoAhoraSi/DDM.dpf                               ; --            ; --          ; --             ;
; MISC_FILE                             ; E:/Nueva carpeta (2)/ProyectoDDM/ProyectoAhoraSi/DDM.dpf ; --            ; --          ; --             ;
; POWER_EXT_SUPPLY_VOLTAGE_TO_REGULATOR ; 3.3V                                                     ; --            ; --          ; --             ;
; USE_GENERATED_PHYSICAL_CONSTRAINTS    ; Off                                                      ; --            ; --          ; eda_blast_fpga ;
+---------------------------------------+----------------------------------------------------------+---------------+-------------+----------------+


+-----------------------------------------------------------------------------------------------------------------------------+
; Flow Elapsed Time                                                                                                           ;
+-------------------------+--------------+-------------------------+---------------------+------------------------------------+
; Module Name             ; Elapsed Time ; Average Processors Used ; Peak Virtual Memory ; Total CPU Time (on all processors) ;
+-------------------------+--------------+-------------------------+---------------------+------------------------------------+
; Analysis & Synthesis    ; 00:00:06     ; 1.0                     ; 209 MB              ; 00:00:04                           ;
; Fitter                  ; 00:00:02     ; 1.0                     ; 173 MB              ; 00:00:02                           ;
; Assembler               ; 00:00:01     ; 1.0                     ; 160 MB              ; 00:00:01                           ;
; Classic Timing Analyzer ; 00:00:02     ; 1.0                     ; 131 MB              ; 00:00:01                           ;
; EDA Netlist Writer      ; 00:00:03     ; 1.0                     ; 141 MB              ; 00:00:01                           ;
; Total                   ; 00:00:14     ; --                      ; --                  ; 00:00:09                           ;
+-------------------------+--------------+-------------------------+---------------------+------------------------------------+


+------------------------------------------------------------------------------------------+
; Flow OS Summary                                                                          ;
+-------------------------+------------------+---------------+------------+----------------+
; Module Name             ; Machine Hostname ; OS Name       ; OS Version ; Processor type ;
+-------------------------+------------------+---------------+------------+----------------+
; Analysis & Synthesis    ; M6-PC            ; Windows Vista ; 6.1        ; i1586          ;
; Fitter                  ; M6-PC            ; Windows Vista ; 6.1        ; i1586          ;
; Assembler               ; M6-PC            ; Windows Vista ; 6.1        ; i1586          ;
; Classic Timing Analyzer ; M6-PC            ; Windows Vista ; 6.1        ; i1586          ;
; EDA Netlist Writer      ; M6-PC            ; Windows Vista ; 6.1        ; i1586          ;
+-------------------------+------------------+---------------+------------+----------------+


------------
; Flow Log ;
------------
quartus_map --read_settings_files=on --write_settings_files=off DDM -c DDM
quartus_fit --read_settings_files=off --write_settings_files=off DDM -c DDM
quartus_asm --read_settings_files=off --write_settings_files=off DDM -c DDM
quartus_tan --read_settings_files=off --write_settings_files=off DDM -c DDM
quartus_eda --read_settings_files=off --write_settings_files=off DDM -c DDM



