TimeQuest Timing Analyzer report for Prueba2
Mon May 27 12:53:32 2019
Quartus II 64-Bit Version 15.0.0 Build 145 04/22/2015 SJ Web Edition


---------------------
; Table of Contents ;
---------------------
  1. Legal Notice
  2. TimeQuest Timing Analyzer Summary
  3. Parallel Compilation
  4. Clocks
  5. Slow 1200mV 85C Model Fmax Summary
  6. Slow 1200mV 85C Model Setup Summary
  7. Slow 1200mV 85C Model Hold Summary
  8. Slow 1200mV 85C Model Recovery Summary
  9. Slow 1200mV 85C Model Removal Summary
 10. Slow 1200mV 85C Model Minimum Pulse Width Summary
 11. Setup Times
 12. Hold Times
 13. Clock to Output Times
 14. Minimum Clock to Output Times
 15. Propagation Delay
 16. Minimum Propagation Delay
 17. Slow 1200mV 0C Model Fmax Summary
 18. Slow 1200mV 0C Model Setup Summary
 19. Slow 1200mV 0C Model Hold Summary
 20. Slow 1200mV 0C Model Recovery Summary
 21. Slow 1200mV 0C Model Removal Summary
 22. Slow 1200mV 0C Model Minimum Pulse Width Summary
 23. Setup Times
 24. Hold Times
 25. Clock to Output Times
 26. Minimum Clock to Output Times
 27. Propagation Delay
 28. Minimum Propagation Delay
 29. Fast 1200mV 0C Model Setup Summary
 30. Fast 1200mV 0C Model Hold Summary
 31. Fast 1200mV 0C Model Recovery Summary
 32. Fast 1200mV 0C Model Removal Summary
 33. Fast 1200mV 0C Model Minimum Pulse Width Summary
 34. Setup Times
 35. Hold Times
 36. Clock to Output Times
 37. Minimum Clock to Output Times
 38. Propagation Delay
 39. Minimum Propagation Delay
 40. Multicorner Timing Analysis Summary
 41. Setup Times
 42. Hold Times
 43. Clock to Output Times
 44. Minimum Clock to Output Times
 45. Propagation Delay
 46. Minimum Propagation Delay
 47. Board Trace Model Assignments
 48. Input Transition Times
 49. Signal Integrity Metrics (Slow 1200mv 0c Model)
 50. Signal Integrity Metrics (Slow 1200mv 85c Model)
 51. Signal Integrity Metrics (Fast 1200mv 0c Model)
 52. Setup Transfers
 53. Hold Transfers
 54. Recovery Transfers
 55. Removal Transfers
 56. Report TCCS
 57. Report RSKM
 58. Unconstrained Paths
 59. TimeQuest Timing Analyzer Messages



----------------
; Legal Notice ;
----------------
Copyright (C) 1991-2015 Altera Corporation. All rights reserved.
Your use of Altera Corporation's design tools, logic functions 
and other software and tools, and its AMPP partner logic 
functions, and any output files from any of the foregoing 
(including device programming or simulation files), and any 
associated documentation or information are expressly subject 
to the terms and conditions of the Altera Program License 
Subscription Agreement, the Altera Quartus II License Agreement,
the Altera MegaCore Function License Agreement, or other 
applicable license agreement, including, without limitation, 
that your use is for the sole purpose of programming logic 
devices manufactured by Altera and sold by Altera or its 
authorized distributors.  Please refer to the applicable 
agreement for further details.



+-------------------------------------------------------------------------+
; TimeQuest Timing Analyzer Summary                                       ;
+--------------------+----------------------------------------------------+
; Quartus II Version ; Version 15.0.0 Build 145 04/22/2015 SJ Web Edition ;
; Revision Name      ; Prueba2                                            ;
; Device Family      ; MAX 10                                             ;
; Device Name        ; 10M50DAF484C7G                                     ;
; Timing Models      ; Preliminary                                        ;
; Delay Model        ; Combined                                           ;
; Rise/Fall Delays   ; Enabled                                            ;
+--------------------+----------------------------------------------------+


Parallel compilation was disabled, but you have multiple processors available. Enable parallel compilation to reduce compilation time.
+-------------------------------------+
; Parallel Compilation                ;
+----------------------------+--------+
; Processors                 ; Number ;
+----------------------------+--------+
; Number detected on machine ; 4      ;
; Maximum allowed            ; 1      ;
+----------------------------+--------+


+------------------------------------------------------------------------------------------------------------------------------------------------------------------------------------------------------------------------+
; Clocks                                                                                                                                                                                                                 ;
+----------------------------+------+--------+------------+-------+-------+------------+-----------+-------------+-------+--------+-----------+------------+----------+--------+--------+--------------------------------+
; Clock Name                 ; Type ; Period ; Frequency  ; Rise  ; Fall  ; Duty Cycle ; Divide by ; Multiply by ; Phase ; Offset ; Edge List ; Edge Shift ; Inverted ; Master ; Source ; Targets                        ;
+----------------------------+------+--------+------------+-------+-------+------------+-----------+-------------+-------+--------+-----------+------------+----------+--------+--------+--------------------------------+
; central:inst4|estado_pr.S6 ; Base ; 1.000  ; 1000.0 MHz ; 0.000 ; 0.500 ;            ;           ;             ;       ;        ;           ;            ;          ;        ;        ; { central:inst4|estado_pr.S6 } ;
; clk                        ; Base ; 1.000  ; 1000.0 MHz ; 0.000 ; 0.500 ;            ;           ;             ;       ;        ;           ;            ;          ;        ;        ; { clk }                        ;
; Divisor:inst3|pulso        ; Base ; 1.000  ; 1000.0 MHz ; 0.000 ; 0.500 ;            ;           ;             ;       ;        ;           ;            ;          ;        ;        ; { Divisor:inst3|pulso }        ;
+----------------------------+------+--------+------------+-------+-------+------------+-----------+-------------+-------+--------+-----------+------------+----------+--------+--------+--------------------------------+


+--------------------------------------------------------------------------------------------------------------------+
; Slow 1200mV 85C Model Fmax Summary                                                                                 ;
+------------+-----------------+---------------------+---------------------------------------------------------------+
; Fmax       ; Restricted Fmax ; Clock Name          ; Note                                                          ;
+------------+-----------------+---------------------+---------------------------------------------------------------+
; 206.78 MHz ; 206.78 MHz      ; Divisor:inst3|pulso ;                                                               ;
; 250.69 MHz ; 250.0 MHz       ; clk                 ; limit due to minimum period restriction (max I/O toggle rate) ;
+------------+-----------------+---------------------+---------------------------------------------------------------+
This panel reports FMAX for every clock in the design, regardless of the user-specified clock periods.  FMAX is only computed for paths where the source and destination registers or ports are driven by the same clock.  Paths of different clocks, including generated clocks, are ignored.  For paths between a clock and its inversion, FMAX is computed as if the rising and falling edges are scaled along with FMAX, such that the duty cycle (in terms of a percentage) is maintained. Altera recommends that you always use clock constraints and other slack reports for sign-off analysis.


+-----------------------------------------------------+
; Slow 1200mV 85C Model Setup Summary                 ;
+----------------------------+--------+---------------+
; Clock                      ; Slack  ; End Point TNS ;
+----------------------------+--------+---------------+
; central:inst4|estado_pr.S6 ; -3.084 ; -24.627       ;
; clk                        ; -2.989 ; -23.373       ;
; Divisor:inst3|pulso        ; -2.580 ; -21.206       ;
+----------------------------+--------+---------------+


+-----------------------------------------------------+
; Slow 1200mV 85C Model Hold Summary                  ;
+----------------------------+--------+---------------+
; Clock                      ; Slack  ; End Point TNS ;
+----------------------------+--------+---------------+
; Divisor:inst3|pulso        ; -0.034 ; -0.034        ;
; central:inst4|estado_pr.S6 ; 0.560  ; 0.000         ;
; clk                        ; 0.654  ; 0.000         ;
+----------------------------+--------+---------------+


+----------------------------------------------+
; Slow 1200mV 85C Model Recovery Summary       ;
+---------------------+--------+---------------+
; Clock               ; Slack  ; End Point TNS ;
+---------------------+--------+---------------+
; Divisor:inst3|pulso ; -2.494 ; -20.486       ;
+---------------------+--------+---------------+


+---------------------------------------------+
; Slow 1200mV 85C Model Removal Summary       ;
+---------------------+-------+---------------+
; Clock               ; Slack ; End Point TNS ;
+---------------------+-------+---------------+
; Divisor:inst3|pulso ; 2.112 ; 0.000         ;
+---------------------+-------+---------------+


+-----------------------------------------------------+
; Slow 1200mV 85C Model Minimum Pulse Width Summary   ;
+----------------------------+--------+---------------+
; Clock                      ; Slack  ; End Point TNS ;
+----------------------------+--------+---------------+
; clk                        ; -3.000 ; -19.000       ;
; Divisor:inst3|pulso        ; -1.000 ; -19.000       ;
; central:inst4|estado_pr.S6 ; 0.434  ; 0.000         ;
+----------------------------+--------+---------------+


+---------------------------------------------------------------------------------------+
; Setup Times                                                                           ;
+--------------+---------------------+-------+-------+------------+---------------------+
; Data Port    ; Clock Port          ; Rise  ; Fall  ; Clock Edge ; Clock Reference     ;
+--------------+---------------------+-------+-------+------------+---------------------+
; columnas[*]  ; Divisor:inst3|pulso ; 3.426 ; 3.560 ; Rise       ; Divisor:inst3|pulso ;
;  columnas[0] ; Divisor:inst3|pulso ; 3.333 ; 3.351 ; Rise       ; Divisor:inst3|pulso ;
;  columnas[1] ; Divisor:inst3|pulso ; 3.266 ; 3.509 ; Rise       ; Divisor:inst3|pulso ;
;  columnas[2] ; Divisor:inst3|pulso ; 3.371 ; 3.505 ; Rise       ; Divisor:inst3|pulso ;
;  columnas[3] ; Divisor:inst3|pulso ; 3.426 ; 3.560 ; Rise       ; Divisor:inst3|pulso ;
; columnas[*]  ; Divisor:inst3|pulso ; 2.826 ; 2.942 ; Fall       ; Divisor:inst3|pulso ;
;  columnas[0] ; Divisor:inst3|pulso ; 2.681 ; 2.811 ; Fall       ; Divisor:inst3|pulso ;
;  columnas[1] ; Divisor:inst3|pulso ; 2.461 ; 2.613 ; Fall       ; Divisor:inst3|pulso ;
;  columnas[2] ; Divisor:inst3|pulso ; 2.826 ; 2.942 ; Fall       ; Divisor:inst3|pulso ;
;  columnas[3] ; Divisor:inst3|pulso ; 2.263 ; 2.391 ; Fall       ; Divisor:inst3|pulso ;
+--------------+---------------------+-------+-------+------------+---------------------+


+-----------------------------------------------------------------------------------------+
; Hold Times                                                                              ;
+--------------+---------------------+--------+--------+------------+---------------------+
; Data Port    ; Clock Port          ; Rise   ; Fall   ; Clock Edge ; Clock Reference     ;
+--------------+---------------------+--------+--------+------------+---------------------+
; columnas[*]  ; Divisor:inst3|pulso ; -0.591 ; -0.674 ; Rise       ; Divisor:inst3|pulso ;
;  columnas[0] ; Divisor:inst3|pulso ; -0.739 ; -0.857 ; Rise       ; Divisor:inst3|pulso ;
;  columnas[1] ; Divisor:inst3|pulso ; -0.591 ; -0.674 ; Rise       ; Divisor:inst3|pulso ;
;  columnas[2] ; Divisor:inst3|pulso ; -0.729 ; -0.888 ; Rise       ; Divisor:inst3|pulso ;
;  columnas[3] ; Divisor:inst3|pulso ; -0.702 ; -0.859 ; Rise       ; Divisor:inst3|pulso ;
; columnas[*]  ; Divisor:inst3|pulso ; -0.061 ; -0.115 ; Fall       ; Divisor:inst3|pulso ;
;  columnas[0] ; Divisor:inst3|pulso ; -0.614 ; -0.704 ; Fall       ; Divisor:inst3|pulso ;
;  columnas[1] ; Divisor:inst3|pulso ; -0.627 ; -0.767 ; Fall       ; Divisor:inst3|pulso ;
;  columnas[2] ; Divisor:inst3|pulso ; -0.061 ; -0.115 ; Fall       ; Divisor:inst3|pulso ;
;  columnas[3] ; Divisor:inst3|pulso ; -0.427 ; -0.473 ; Fall       ; Divisor:inst3|pulso ;
+--------------+---------------------+--------+--------+------------+---------------------+


+--------------------------------------------------------------------------------------------------+
; Clock to Output Times                                                                            ;
+-----------+----------------------------+-------+-------+------------+----------------------------+
; Data Port ; Clock Port                 ; Rise  ; Fall  ; Clock Edge ; Clock Reference            ;
+-----------+----------------------------+-------+-------+------------+----------------------------+
; bombaM    ; Divisor:inst3|pulso        ; 8.260 ; 8.183 ; Rise       ; Divisor:inst3|pulso        ;
; bombaP    ; Divisor:inst3|pulso        ; 9.319 ; 9.237 ; Rise       ; Divisor:inst3|pulso        ;
; filas[*]  ; Divisor:inst3|pulso        ; 8.912 ; 8.854 ; Rise       ; Divisor:inst3|pulso        ;
;  filas[0] ; Divisor:inst3|pulso        ; 8.619 ; 8.655 ; Rise       ; Divisor:inst3|pulso        ;
;  filas[1] ; Divisor:inst3|pulso        ; 8.912 ; 8.854 ; Rise       ; Divisor:inst3|pulso        ;
;  filas[2] ; Divisor:inst3|pulso        ; 8.662 ; 8.527 ; Rise       ; Divisor:inst3|pulso        ;
;  filas[3] ; Divisor:inst3|pulso        ; 8.738 ; 8.705 ; Rise       ; Divisor:inst3|pulso        ;
; bombaM    ; central:inst4|estado_pr.S6 ; 4.651 ;       ; Rise       ; central:inst4|estado_pr.S6 ;
; bombaM    ; central:inst4|estado_pr.S6 ;       ; 4.636 ; Fall       ; central:inst4|estado_pr.S6 ;
+-----------+----------------------------+-------+-------+------------+----------------------------+


+--------------------------------------------------------------------------------------------------+
; Minimum Clock to Output Times                                                                    ;
+-----------+----------------------------+-------+-------+------------+----------------------------+
; Data Port ; Clock Port                 ; Rise  ; Fall  ; Clock Edge ; Clock Reference            ;
+-----------+----------------------------+-------+-------+------------+----------------------------+
; bombaM    ; Divisor:inst3|pulso        ; 7.903 ; 7.828 ; Rise       ; Divisor:inst3|pulso        ;
; bombaP    ; Divisor:inst3|pulso        ; 8.076 ; 7.994 ; Rise       ; Divisor:inst3|pulso        ;
; filas[*]  ; Divisor:inst3|pulso        ; 8.102 ; 8.077 ; Rise       ; Divisor:inst3|pulso        ;
;  filas[0] ; Divisor:inst3|pulso        ; 8.102 ; 8.170 ; Rise       ; Divisor:inst3|pulso        ;
;  filas[1] ; Divisor:inst3|pulso        ; 8.247 ; 8.101 ; Rise       ; Divisor:inst3|pulso        ;
;  filas[2] ; Divisor:inst3|pulso        ; 8.148 ; 8.077 ; Rise       ; Divisor:inst3|pulso        ;
;  filas[3] ; Divisor:inst3|pulso        ; 8.214 ; 8.150 ; Rise       ; Divisor:inst3|pulso        ;
; bombaM    ; central:inst4|estado_pr.S6 ; 4.442 ;       ; Rise       ; central:inst4|estado_pr.S6 ;
; bombaM    ; central:inst4|estado_pr.S6 ;       ; 4.413 ; Fall       ; central:inst4|estado_pr.S6 ;
+-----------+----------------------------+-------+-------+------------+----------------------------+


+----------------------------------------------------+
; Propagation Delay                                  ;
+------------+-------------+-------+----+----+-------+
; Input Port ; Output Port ; RR    ; RF ; FR ; FF    ;
+------------+-------------+-------+----+----+-------+
; magna      ; bombaM      ; 7.591 ;    ;    ; 7.630 ;
; premium    ; bombaP      ; 7.787 ;    ;    ; 7.814 ;
+------------+-------------+-------+----+----+-------+


+----------------------------------------------------+
; Minimum Propagation Delay                          ;
+------------+-------------+-------+----+----+-------+
; Input Port ; Output Port ; RR    ; RF ; FR ; FF    ;
+------------+-------------+-------+----+----+-------+
; magna      ; bombaM      ; 7.233 ;    ;    ; 7.239 ;
; premium    ; bombaP      ; 7.415 ;    ;    ; 7.427 ;
+------------+-------------+-------+----+----+-------+


+--------------------------------------------------------------------------------------------------------------------+
; Slow 1200mV 0C Model Fmax Summary                                                                                  ;
+------------+-----------------+---------------------+---------------------------------------------------------------+
; Fmax       ; Restricted Fmax ; Clock Name          ; Note                                                          ;
+------------+-----------------+---------------------+---------------------------------------------------------------+
; 220.95 MHz ; 220.95 MHz      ; Divisor:inst3|pulso ;                                                               ;
; 269.76 MHz ; 250.0 MHz       ; clk                 ; limit due to minimum period restriction (max I/O toggle rate) ;
+------------+-----------------+---------------------+---------------------------------------------------------------+
This panel reports FMAX for every clock in the design, regardless of the user-specified clock periods.  FMAX is only computed for paths where the source and destination registers or ports are driven by the same clock.  Paths of different clocks, including generated clocks, are ignored.  For paths between a clock and its inversion, FMAX is computed as if the rising and falling edges are scaled along with FMAX, such that the duty cycle (in terms of a percentage) is maintained. Altera recommends that you always use clock constraints and other slack reports for sign-off analysis.


+-----------------------------------------------------+
; Slow 1200mV 0C Model Setup Summary                  ;
+----------------------------+--------+---------------+
; Clock                      ; Slack  ; End Point TNS ;
+----------------------------+--------+---------------+
; central:inst4|estado_pr.S6 ; -2.779 ; -21.778       ;
; clk                        ; -2.707 ; -19.898       ;
; Divisor:inst3|pulso        ; -2.273 ; -18.587       ;
+----------------------------+--------+---------------+


+-----------------------------------------------------+
; Slow 1200mV 0C Model Hold Summary                   ;
+----------------------------+--------+---------------+
; Clock                      ; Slack  ; End Point TNS ;
+----------------------------+--------+---------------+
; Divisor:inst3|pulso        ; -0.023 ; -0.023        ;
; central:inst4|estado_pr.S6 ; 0.513  ; 0.000         ;
; clk                        ; 0.602  ; 0.000         ;
+----------------------------+--------+---------------+


+----------------------------------------------+
; Slow 1200mV 0C Model Recovery Summary        ;
+---------------------+--------+---------------+
; Clock               ; Slack  ; End Point TNS ;
+---------------------+--------+---------------+
; Divisor:inst3|pulso ; -2.099 ; -17.477       ;
+---------------------+--------+---------------+


+---------------------------------------------+
; Slow 1200mV 0C Model Removal Summary        ;
+---------------------+-------+---------------+
; Clock               ; Slack ; End Point TNS ;
+---------------------+-------+---------------+
; Divisor:inst3|pulso ; 1.921 ; 0.000         ;
+---------------------+-------+---------------+


+-----------------------------------------------------+
; Slow 1200mV 0C Model Minimum Pulse Width Summary    ;
+----------------------------+--------+---------------+
; Clock                      ; Slack  ; End Point TNS ;
+----------------------------+--------+---------------+
; clk                        ; -3.000 ; -19.000       ;
; Divisor:inst3|pulso        ; -1.000 ; -19.000       ;
; central:inst4|estado_pr.S6 ; 0.438  ; 0.000         ;
+----------------------------+--------+---------------+


+---------------------------------------------------------------------------------------+
; Setup Times                                                                           ;
+--------------+---------------------+-------+-------+------------+---------------------+
; Data Port    ; Clock Port          ; Rise  ; Fall  ; Clock Edge ; Clock Reference     ;
+--------------+---------------------+-------+-------+------------+---------------------+
; columnas[*]  ; Divisor:inst3|pulso ; 3.147 ; 3.241 ; Rise       ; Divisor:inst3|pulso ;
;  columnas[0] ; Divisor:inst3|pulso ; 3.132 ; 3.055 ; Rise       ; Divisor:inst3|pulso ;
;  columnas[1] ; Divisor:inst3|pulso ; 2.932 ; 3.235 ; Rise       ; Divisor:inst3|pulso ;
;  columnas[2] ; Divisor:inst3|pulso ; 3.090 ; 3.192 ; Rise       ; Divisor:inst3|pulso ;
;  columnas[3] ; Divisor:inst3|pulso ; 3.147 ; 3.241 ; Rise       ; Divisor:inst3|pulso ;
; columnas[*]  ; Divisor:inst3|pulso ; 2.612 ; 2.729 ; Fall       ; Divisor:inst3|pulso ;
;  columnas[0] ; Divisor:inst3|pulso ; 2.485 ; 2.623 ; Fall       ; Divisor:inst3|pulso ;
;  columnas[1] ; Divisor:inst3|pulso ; 2.288 ; 2.433 ; Fall       ; Divisor:inst3|pulso ;
;  columnas[2] ; Divisor:inst3|pulso ; 2.612 ; 2.729 ; Fall       ; Divisor:inst3|pulso ;
;  columnas[3] ; Divisor:inst3|pulso ; 2.108 ; 2.245 ; Fall       ; Divisor:inst3|pulso ;
+--------------+---------------------+-------+-------+------------+---------------------+


+-----------------------------------------------------------------------------------------+
; Hold Times                                                                              ;
+--------------+---------------------+--------+--------+------------+---------------------+
; Data Port    ; Clock Port          ; Rise   ; Fall   ; Clock Edge ; Clock Reference     ;
+--------------+---------------------+--------+--------+------------+---------------------+
; columnas[*]  ; Divisor:inst3|pulso ; -0.534 ; -0.553 ; Rise       ; Divisor:inst3|pulso ;
;  columnas[0] ; Divisor:inst3|pulso ; -0.665 ; -0.718 ; Rise       ; Divisor:inst3|pulso ;
;  columnas[1] ; Divisor:inst3|pulso ; -0.534 ; -0.553 ; Rise       ; Divisor:inst3|pulso ;
;  columnas[2] ; Divisor:inst3|pulso ; -0.641 ; -0.800 ; Rise       ; Divisor:inst3|pulso ;
;  columnas[3] ; Divisor:inst3|pulso ; -0.625 ; -0.776 ; Rise       ; Divisor:inst3|pulso ;
; columnas[*]  ; Divisor:inst3|pulso ; -0.128 ; -0.098 ; Fall       ; Divisor:inst3|pulso ;
;  columnas[0] ; Divisor:inst3|pulso ; -0.599 ; -0.628 ; Fall       ; Divisor:inst3|pulso ;
;  columnas[1] ; Divisor:inst3|pulso ; -0.617 ; -0.695 ; Fall       ; Divisor:inst3|pulso ;
;  columnas[2] ; Divisor:inst3|pulso ; -0.128 ; -0.098 ; Fall       ; Divisor:inst3|pulso ;
;  columnas[3] ; Divisor:inst3|pulso ; -0.466 ; -0.427 ; Fall       ; Divisor:inst3|pulso ;
+--------------+---------------------+--------+--------+------------+---------------------+


+--------------------------------------------------------------------------------------------------+
; Clock to Output Times                                                                            ;
+-----------+----------------------------+-------+-------+------------+----------------------------+
; Data Port ; Clock Port                 ; Rise  ; Fall  ; Clock Edge ; Clock Reference            ;
+-----------+----------------------------+-------+-------+------------+----------------------------+
; bombaM    ; Divisor:inst3|pulso        ; 7.660 ; 7.439 ; Rise       ; Divisor:inst3|pulso        ;
; bombaP    ; Divisor:inst3|pulso        ; 8.651 ; 8.389 ; Rise       ; Divisor:inst3|pulso        ;
; filas[*]  ; Divisor:inst3|pulso        ; 8.202 ; 7.982 ; Rise       ; Divisor:inst3|pulso        ;
;  filas[0] ; Divisor:inst3|pulso        ; 7.768 ; 7.955 ; Rise       ; Divisor:inst3|pulso        ;
;  filas[1] ; Divisor:inst3|pulso        ; 8.202 ; 7.982 ; Rise       ; Divisor:inst3|pulso        ;
;  filas[2] ; Divisor:inst3|pulso        ; 7.926 ; 7.722 ; Rise       ; Divisor:inst3|pulso        ;
;  filas[3] ; Divisor:inst3|pulso        ; 8.034 ; 7.850 ; Rise       ; Divisor:inst3|pulso        ;
; bombaM    ; central:inst4|estado_pr.S6 ; 4.282 ;       ; Rise       ; central:inst4|estado_pr.S6 ;
; bombaM    ; central:inst4|estado_pr.S6 ;       ; 4.104 ; Fall       ; central:inst4|estado_pr.S6 ;
+-----------+----------------------------+-------+-------+------------+----------------------------+


+--------------------------------------------------------------------------------------------------+
; Minimum Clock to Output Times                                                                    ;
+-----------+----------------------------+-------+-------+------------+----------------------------+
; Data Port ; Clock Port                 ; Rise  ; Fall  ; Clock Edge ; Clock Reference            ;
+-----------+----------------------------+-------+-------+------------+----------------------------+
; bombaM    ; Divisor:inst3|pulso        ; 7.320 ; 7.101 ; Rise       ; Divisor:inst3|pulso        ;
; bombaP    ; Divisor:inst3|pulso        ; 7.486 ; 7.246 ; Rise       ; Divisor:inst3|pulso        ;
; filas[*]  ; Divisor:inst3|pulso        ; 7.287 ; 7.265 ; Rise       ; Divisor:inst3|pulso        ;
;  filas[0] ; Divisor:inst3|pulso        ; 7.287 ; 7.500 ; Rise       ; Divisor:inst3|pulso        ;
;  filas[1] ; Divisor:inst3|pulso        ; 7.540 ; 7.325 ; Rise       ; Divisor:inst3|pulso        ;
;  filas[2] ; Divisor:inst3|pulso        ; 7.481 ; 7.265 ; Rise       ; Divisor:inst3|pulso        ;
;  filas[3] ; Divisor:inst3|pulso        ; 7.543 ; 7.329 ; Rise       ; Divisor:inst3|pulso        ;
; bombaM    ; central:inst4|estado_pr.S6 ; 4.079 ;       ; Rise       ; central:inst4|estado_pr.S6 ;
; bombaM    ; central:inst4|estado_pr.S6 ;       ; 3.892 ; Fall       ; central:inst4|estado_pr.S6 ;
+-----------+----------------------------+-------+-------+------------+----------------------------+


+----------------------------------------------------+
; Propagation Delay                                  ;
+------------+-------------+-------+----+----+-------+
; Input Port ; Output Port ; RR    ; RF ; FR ; FF    ;
+------------+-------------+-------+----+----+-------+
; magna      ; bombaM      ; 6.966 ;    ;    ; 6.838 ;
; premium    ; bombaP      ; 7.155 ;    ;    ; 7.005 ;
+------------+-------------+-------+----+----+-------+


+----------------------------------------------------+
; Minimum Propagation Delay                          ;
+------------+-------------+-------+----+----+-------+
; Input Port ; Output Port ; RR    ; RF ; FR ; FF    ;
+------------+-------------+-------+----+----+-------+
; magna      ; bombaM      ; 6.632 ;    ;    ; 6.473 ;
; premium    ; bombaP      ; 6.800 ;    ;    ; 6.646 ;
+------------+-------------+-------+----+----+-------+


+-----------------------------------------------------+
; Fast 1200mV 0C Model Setup Summary                  ;
+----------------------------+--------+---------------+
; Clock                      ; Slack  ; End Point TNS ;
+----------------------------+--------+---------------+
; central:inst4|estado_pr.S6 ; -1.129 ; -8.824        ;
; clk                        ; -0.730 ; -1.594        ;
; Divisor:inst3|pulso        ; -0.540 ; -3.218        ;
+----------------------------+--------+---------------+


+-----------------------------------------------------+
; Fast 1200mV 0C Model Hold Summary                   ;
+----------------------------+--------+---------------+
; Clock                      ; Slack  ; End Point TNS ;
+----------------------------+--------+---------------+
; Divisor:inst3|pulso        ; -0.046 ; -0.046        ;
; clk                        ; 0.182  ; 0.000         ;
; central:inst4|estado_pr.S6 ; 0.201  ; 0.000         ;
+----------------------------+--------+---------------+


+----------------------------------------------+
; Fast 1200mV 0C Model Recovery Summary        ;
+---------------------+--------+---------------+
; Clock               ; Slack  ; End Point TNS ;
+---------------------+--------+---------------+
; Divisor:inst3|pulso ; -1.049 ; -7.671        ;
+---------------------+--------+---------------+


+---------------------------------------------+
; Fast 1200mV 0C Model Removal Summary        ;
+---------------------+-------+---------------+
; Clock               ; Slack ; End Point TNS ;
+---------------------+-------+---------------+
; Divisor:inst3|pulso ; 1.275 ; 0.000         ;
+---------------------+-------+---------------+


+-----------------------------------------------------+
; Fast 1200mV 0C Model Minimum Pulse Width Summary    ;
+----------------------------+--------+---------------+
; Clock                      ; Slack  ; End Point TNS ;
+----------------------------+--------+---------------+
; clk                        ; -3.000 ; -19.842       ;
; Divisor:inst3|pulso        ; -1.000 ; -19.000       ;
; central:inst4|estado_pr.S6 ; 0.342  ; 0.000         ;
+----------------------------+--------+---------------+


+---------------------------------------------------------------------------------------+
; Setup Times                                                                           ;
+--------------+---------------------+-------+-------+------------+---------------------+
; Data Port    ; Clock Port          ; Rise  ; Fall  ; Clock Edge ; Clock Reference     ;
+--------------+---------------------+-------+-------+------------+---------------------+
; columnas[*]  ; Divisor:inst3|pulso ; 1.349 ; 1.732 ; Rise       ; Divisor:inst3|pulso ;
;  columnas[0] ; Divisor:inst3|pulso ; 1.244 ; 1.732 ; Rise       ; Divisor:inst3|pulso ;
;  columnas[1] ; Divisor:inst3|pulso ; 1.349 ; 1.644 ; Rise       ; Divisor:inst3|pulso ;
;  columnas[2] ; Divisor:inst3|pulso ; 1.303 ; 1.692 ; Rise       ; Divisor:inst3|pulso ;
;  columnas[3] ; Divisor:inst3|pulso ; 1.349 ; 1.725 ; Rise       ; Divisor:inst3|pulso ;
; columnas[*]  ; Divisor:inst3|pulso ; 0.953 ; 1.292 ; Fall       ; Divisor:inst3|pulso ;
;  columnas[0] ; Divisor:inst3|pulso ; 0.888 ; 1.233 ; Fall       ; Divisor:inst3|pulso ;
;  columnas[1] ; Divisor:inst3|pulso ; 0.782 ; 1.157 ; Fall       ; Divisor:inst3|pulso ;
;  columnas[2] ; Divisor:inst3|pulso ; 0.953 ; 1.292 ; Fall       ; Divisor:inst3|pulso ;
;  columnas[3] ; Divisor:inst3|pulso ; 0.688 ; 1.044 ; Fall       ; Divisor:inst3|pulso ;
+--------------+---------------------+-------+-------+------------+---------------------+


+-----------------------------------------------------------------------------------------+
; Hold Times                                                                              ;
+--------------+---------------------+--------+--------+------------+---------------------+
; Data Port    ; Clock Port          ; Rise   ; Fall   ; Clock Edge ; Clock Reference     ;
+--------------+---------------------+--------+--------+------------+---------------------+
; columnas[*]  ; Divisor:inst3|pulso ; -0.101 ; -0.514 ; Rise       ; Divisor:inst3|pulso ;
;  columnas[0] ; Divisor:inst3|pulso ; -0.136 ; -0.544 ; Rise       ; Divisor:inst3|pulso ;
;  columnas[1] ; Divisor:inst3|pulso ; -0.101 ; -0.514 ; Rise       ; Divisor:inst3|pulso ;
;  columnas[2] ; Divisor:inst3|pulso ; -0.174 ; -0.523 ; Rise       ; Divisor:inst3|pulso ;
;  columnas[3] ; Divisor:inst3|pulso ; -0.174 ; -0.532 ; Rise       ; Divisor:inst3|pulso ;
; columnas[*]  ; Divisor:inst3|pulso ; 0.272  ; -0.141 ; Fall       ; Divisor:inst3|pulso ;
;  columnas[0] ; Divisor:inst3|pulso ; 0.049  ; -0.390 ; Fall       ; Divisor:inst3|pulso ;
;  columnas[1] ; Divisor:inst3|pulso ; -0.016 ; -0.418 ; Fall       ; Divisor:inst3|pulso ;
;  columnas[2] ; Divisor:inst3|pulso ; 0.272  ; -0.141 ; Fall       ; Divisor:inst3|pulso ;
;  columnas[3] ; Divisor:inst3|pulso ; 0.100  ; -0.331 ; Fall       ; Divisor:inst3|pulso ;
+--------------+---------------------+--------+--------+------------+---------------------+


+--------------------------------------------------------------------------------------------------+
; Clock to Output Times                                                                            ;
+-----------+----------------------------+-------+-------+------------+----------------------------+
; Data Port ; Clock Port                 ; Rise  ; Fall  ; Clock Edge ; Clock Reference            ;
+-----------+----------------------------+-------+-------+------------+----------------------------+
; bombaM    ; Divisor:inst3|pulso        ; 3.629 ; 3.712 ; Rise       ; Divisor:inst3|pulso        ;
; bombaP    ; Divisor:inst3|pulso        ; 4.076 ; 4.216 ; Rise       ; Divisor:inst3|pulso        ;
; filas[*]  ; Divisor:inst3|pulso        ; 4.075 ; 4.178 ; Rise       ; Divisor:inst3|pulso        ;
;  filas[0] ; Divisor:inst3|pulso        ; 4.042 ; 3.946 ; Rise       ; Divisor:inst3|pulso        ;
;  filas[1] ; Divisor:inst3|pulso        ; 4.075 ; 4.178 ; Rise       ; Divisor:inst3|pulso        ;
;  filas[2] ; Divisor:inst3|pulso        ; 3.995 ; 3.970 ; Rise       ; Divisor:inst3|pulso        ;
;  filas[3] ; Divisor:inst3|pulso        ; 3.989 ; 4.084 ; Rise       ; Divisor:inst3|pulso        ;
; bombaM    ; central:inst4|estado_pr.S6 ; 2.105 ;       ; Rise       ; central:inst4|estado_pr.S6 ;
; bombaM    ; central:inst4|estado_pr.S6 ;       ; 2.210 ; Fall       ; central:inst4|estado_pr.S6 ;
+-----------+----------------------------+-------+-------+------------+----------------------------+


+--------------------------------------------------------------------------------------------------+
; Minimum Clock to Output Times                                                                    ;
+-----------+----------------------------+-------+-------+------------+----------------------------+
; Data Port ; Clock Port                 ; Rise  ; Fall  ; Clock Edge ; Clock Reference            ;
+-----------+----------------------------+-------+-------+------------+----------------------------+
; bombaM    ; Divisor:inst3|pulso        ; 3.495 ; 3.575 ; Rise       ; Divisor:inst3|pulso        ;
; bombaP    ; Divisor:inst3|pulso        ; 3.564 ; 3.644 ; Rise       ; Divisor:inst3|pulso        ;
; filas[*]  ; Divisor:inst3|pulso        ; 3.744 ; 3.754 ; Rise       ; Divisor:inst3|pulso        ;
;  filas[0] ; Divisor:inst3|pulso        ; 3.833 ; 3.754 ; Rise       ; Divisor:inst3|pulso        ;
;  filas[1] ; Divisor:inst3|pulso        ; 3.862 ; 3.821 ; Rise       ; Divisor:inst3|pulso        ;
;  filas[2] ; Divisor:inst3|pulso        ; 3.744 ; 3.809 ; Rise       ; Divisor:inst3|pulso        ;
;  filas[3] ; Divisor:inst3|pulso        ; 3.781 ; 3.862 ; Rise       ; Divisor:inst3|pulso        ;
; bombaM    ; central:inst4|estado_pr.S6 ; 2.032 ;       ; Rise       ; central:inst4|estado_pr.S6 ;
; bombaM    ; central:inst4|estado_pr.S6 ;       ; 2.131 ; Fall       ; central:inst4|estado_pr.S6 ;
+-----------+----------------------------+-------+-------+------------+----------------------------+


+----------------------------------------------------+
; Propagation Delay                                  ;
+------------+-------------+-------+----+----+-------+
; Input Port ; Output Port ; RR    ; RF ; FR ; FF    ;
+------------+-------------+-------+----+----+-------+
; magna      ; bombaM      ; 3.405 ;    ;    ; 3.855 ;
; premium    ; bombaP      ; 3.483 ;    ;    ; 3.933 ;
+------------+-------------+-------+----+----+-------+


+----------------------------------------------------+
; Minimum Propagation Delay                          ;
+------------+-------------+-------+----+----+-------+
; Input Port ; Output Port ; RR    ; RF ; FR ; FF    ;
+------------+-------------+-------+----+----+-------+
; magna      ; bombaM      ; 3.266 ;    ;    ; 3.702 ;
; premium    ; bombaP      ; 3.338 ;    ;    ; 3.782 ;
+------------+-------------+-------+----+----+-------+


+-------------------------------------------------------------------------------------------+
; Multicorner Timing Analysis Summary                                                       ;
+-----------------------------+---------+--------+----------+---------+---------------------+
; Clock                       ; Setup   ; Hold   ; Recovery ; Removal ; Minimum Pulse Width ;
+-----------------------------+---------+--------+----------+---------+---------------------+
; Worst-case Slack            ; -3.084  ; -0.046 ; -2.494   ; 1.275   ; -3.000              ;
;  Divisor:inst3|pulso        ; -2.580  ; -0.046 ; -2.494   ; 1.275   ; -1.000              ;
;  central:inst4|estado_pr.S6 ; -3.084  ; 0.201  ; N/A      ; N/A     ; 0.342               ;
;  clk                        ; -2.989  ; 0.182  ; N/A      ; N/A     ; -3.000              ;
; Design-wide TNS             ; -69.206 ; -0.046 ; -20.486  ; 0.0     ; -38.842             ;
;  Divisor:inst3|pulso        ; -21.206 ; -0.046 ; -20.486  ; 0.000   ; -19.000             ;
;  central:inst4|estado_pr.S6 ; -24.627 ; 0.000  ; N/A      ; N/A     ; 0.000               ;
;  clk                        ; -23.373 ; 0.000  ; N/A      ; N/A     ; -19.842             ;
+-----------------------------+---------+--------+----------+---------+---------------------+


+---------------------------------------------------------------------------------------+
; Setup Times                                                                           ;
+--------------+---------------------+-------+-------+------------+---------------------+
; Data Port    ; Clock Port          ; Rise  ; Fall  ; Clock Edge ; Clock Reference     ;
+--------------+---------------------+-------+-------+------------+---------------------+
; columnas[*]  ; Divisor:inst3|pulso ; 3.426 ; 3.560 ; Rise       ; Divisor:inst3|pulso ;
;  columnas[0] ; Divisor:inst3|pulso ; 3.333 ; 3.351 ; Rise       ; Divisor:inst3|pulso ;
;  columnas[1] ; Divisor:inst3|pulso ; 3.266 ; 3.509 ; Rise       ; Divisor:inst3|pulso ;
;  columnas[2] ; Divisor:inst3|pulso ; 3.371 ; 3.505 ; Rise       ; Divisor:inst3|pulso ;
;  columnas[3] ; Divisor:inst3|pulso ; 3.426 ; 3.560 ; Rise       ; Divisor:inst3|pulso ;
; columnas[*]  ; Divisor:inst3|pulso ; 2.826 ; 2.942 ; Fall       ; Divisor:inst3|pulso ;
;  columnas[0] ; Divisor:inst3|pulso ; 2.681 ; 2.811 ; Fall       ; Divisor:inst3|pulso ;
;  columnas[1] ; Divisor:inst3|pulso ; 2.461 ; 2.613 ; Fall       ; Divisor:inst3|pulso ;
;  columnas[2] ; Divisor:inst3|pulso ; 2.826 ; 2.942 ; Fall       ; Divisor:inst3|pulso ;
;  columnas[3] ; Divisor:inst3|pulso ; 2.263 ; 2.391 ; Fall       ; Divisor:inst3|pulso ;
+--------------+---------------------+-------+-------+------------+---------------------+


+-----------------------------------------------------------------------------------------+
; Hold Times                                                                              ;
+--------------+---------------------+--------+--------+------------+---------------------+
; Data Port    ; Clock Port          ; Rise   ; Fall   ; Clock Edge ; Clock Reference     ;
+--------------+---------------------+--------+--------+------------+---------------------+
; columnas[*]  ; Divisor:inst3|pulso ; -0.101 ; -0.514 ; Rise       ; Divisor:inst3|pulso ;
;  columnas[0] ; Divisor:inst3|pulso ; -0.136 ; -0.544 ; Rise       ; Divisor:inst3|pulso ;
;  columnas[1] ; Divisor:inst3|pulso ; -0.101 ; -0.514 ; Rise       ; Divisor:inst3|pulso ;
;  columnas[2] ; Divisor:inst3|pulso ; -0.174 ; -0.523 ; Rise       ; Divisor:inst3|pulso ;
;  columnas[3] ; Divisor:inst3|pulso ; -0.174 ; -0.532 ; Rise       ; Divisor:inst3|pulso ;
; columnas[*]  ; Divisor:inst3|pulso ; 0.272  ; -0.098 ; Fall       ; Divisor:inst3|pulso ;
;  columnas[0] ; Divisor:inst3|pulso ; 0.049  ; -0.390 ; Fall       ; Divisor:inst3|pulso ;
;  columnas[1] ; Divisor:inst3|pulso ; -0.016 ; -0.418 ; Fall       ; Divisor:inst3|pulso ;
;  columnas[2] ; Divisor:inst3|pulso ; 0.272  ; -0.098 ; Fall       ; Divisor:inst3|pulso ;
;  columnas[3] ; Divisor:inst3|pulso ; 0.100  ; -0.331 ; Fall       ; Divisor:inst3|pulso ;
+--------------+---------------------+--------+--------+------------+---------------------+


+--------------------------------------------------------------------------------------------------+
; Clock to Output Times                                                                            ;
+-----------+----------------------------+-------+-------+------------+----------------------------+
; Data Port ; Clock Port                 ; Rise  ; Fall  ; Clock Edge ; Clock Reference            ;
+-----------+----------------------------+-------+-------+------------+----------------------------+
; bombaM    ; Divisor:inst3|pulso        ; 8.260 ; 8.183 ; Rise       ; Divisor:inst3|pulso        ;
; bombaP    ; Divisor:inst3|pulso        ; 9.319 ; 9.237 ; Rise       ; Divisor:inst3|pulso        ;
; filas[*]  ; Divisor:inst3|pulso        ; 8.912 ; 8.854 ; Rise       ; Divisor:inst3|pulso        ;
;  filas[0] ; Divisor:inst3|pulso        ; 8.619 ; 8.655 ; Rise       ; Divisor:inst3|pulso        ;
;  filas[1] ; Divisor:inst3|pulso        ; 8.912 ; 8.854 ; Rise       ; Divisor:inst3|pulso        ;
;  filas[2] ; Divisor:inst3|pulso        ; 8.662 ; 8.527 ; Rise       ; Divisor:inst3|pulso        ;
;  filas[3] ; Divisor:inst3|pulso        ; 8.738 ; 8.705 ; Rise       ; Divisor:inst3|pulso        ;
; bombaM    ; central:inst4|estado_pr.S6 ; 4.651 ;       ; Rise       ; central:inst4|estado_pr.S6 ;
; bombaM    ; central:inst4|estado_pr.S6 ;       ; 4.636 ; Fall       ; central:inst4|estado_pr.S6 ;
+-----------+----------------------------+-------+-------+------------+----------------------------+


+--------------------------------------------------------------------------------------------------+
; Minimum Clock to Output Times                                                                    ;
+-----------+----------------------------+-------+-------+------------+----------------------------+
; Data Port ; Clock Port                 ; Rise  ; Fall  ; Clock Edge ; Clock Reference            ;
+-----------+----------------------------+-------+-------+------------+----------------------------+
; bombaM    ; Divisor:inst3|pulso        ; 3.495 ; 3.575 ; Rise       ; Divisor:inst3|pulso        ;
; bombaP    ; Divisor:inst3|pulso        ; 3.564 ; 3.644 ; Rise       ; Divisor:inst3|pulso        ;
; filas[*]  ; Divisor:inst3|pulso        ; 3.744 ; 3.754 ; Rise       ; Divisor:inst3|pulso        ;
;  filas[0] ; Divisor:inst3|pulso        ; 3.833 ; 3.754 ; Rise       ; Divisor:inst3|pulso        ;
;  filas[1] ; Divisor:inst3|pulso        ; 3.862 ; 3.821 ; Rise       ; Divisor:inst3|pulso        ;
;  filas[2] ; Divisor:inst3|pulso        ; 3.744 ; 3.809 ; Rise       ; Divisor:inst3|pulso        ;
;  filas[3] ; Divisor:inst3|pulso        ; 3.781 ; 3.862 ; Rise       ; Divisor:inst3|pulso        ;
; bombaM    ; central:inst4|estado_pr.S6 ; 2.032 ;       ; Rise       ; central:inst4|estado_pr.S6 ;
; bombaM    ; central:inst4|estado_pr.S6 ;       ; 2.131 ; Fall       ; central:inst4|estado_pr.S6 ;
+-----------+----------------------------+-------+-------+------------+----------------------------+


+----------------------------------------------------+
; Propagation Delay                                  ;
+------------+-------------+-------+----+----+-------+
; Input Port ; Output Port ; RR    ; RF ; FR ; FF    ;
+------------+-------------+-------+----+----+-------+
; magna      ; bombaM      ; 7.591 ;    ;    ; 7.630 ;
; premium    ; bombaP      ; 7.787 ;    ;    ; 7.814 ;
+------------+-------------+-------+----+----+-------+


+----------------------------------------------------+
; Minimum Propagation Delay                          ;
+------------+-------------+-------+----+----+-------+
; Input Port ; Output Port ; RR    ; RF ; FR ; FF    ;
+------------+-------------+-------+----+----+-------+
; magna      ; bombaM      ; 3.266 ;    ;    ; 3.702 ;
; premium    ; bombaP      ; 3.338 ;    ;    ; 3.782 ;
+------------+-------------+-------+----+----+-------+


+-----------------------------------------------------------------------------------------------------------------------------------------------------------------------------------------------------------------------------------------------------------------------------------------------------------------------------------------------------------------------------------------------------------------+
; Board Trace Model Assignments                                                                                                                                                                                                                                                                                                                                                                                   ;
+--------------+--------------+-------------------+-------------------------+-------------------------+---------------+---------------------+----------------+------------------+--------+------------------+------------------------+------------------------+--------------+---------------+-----------------+-------+---------------------+--------------------+---------------+-----------------+-------------+
; Pin          ; I/O Standard ; Near Tline Length ; Near Tline L per Length ; Near Tline C per Length ; Near Series R ; Near Differential R ; Near Pull-up R ; Near Pull-down R ; Near C ; Far Tline Length ; Far Tline L per Length ; Far Tline C per Length ; Far Series R ; Far Pull-up R ; Far Pull-down R ; Far C ; Termination Voltage ; Far Differential R ; EBD File Name ; EBD Signal Name ; EBD Far-end ;
+--------------+--------------+-------------------+-------------------------+-------------------------+---------------+---------------------+----------------+------------------+--------+------------------+------------------------+------------------------+--------------+---------------+-----------------+-------+---------------------+--------------------+---------------+-----------------+-------------+
; bombaM       ; 2.5 V        ; 0 in              ; 0 H/in                  ; 0 F/in                  ; short         ; -                   ; open           ; open             ; open   ; 0 in             ; 0 H/in                 ; 0 F/in                 ; short        ; open          ; open            ; open  ; 0 V                 ; -                  ; n/a           ; n/a             ; n/a         ;
; bombaP       ; 2.5 V        ; 0 in              ; 0 H/in                  ; 0 F/in                  ; short         ; -                   ; open           ; open             ; open   ; 0 in             ; 0 H/in                 ; 0 F/in                 ; short        ; open          ; open            ; open  ; 0 V                 ; -                  ; n/a           ; n/a             ; n/a         ;
; filas[3]     ; 2.5 V        ; 0 in              ; 0 H/in                  ; 0 F/in                  ; short         ; -                   ; open           ; open             ; open   ; 0 in             ; 0 H/in                 ; 0 F/in                 ; short        ; open          ; open            ; open  ; 0 V                 ; -                  ; n/a           ; n/a             ; n/a         ;
; filas[2]     ; 2.5 V        ; 0 in              ; 0 H/in                  ; 0 F/in                  ; short         ; -                   ; open           ; open             ; open   ; 0 in             ; 0 H/in                 ; 0 F/in                 ; short        ; open          ; open            ; open  ; 0 V                 ; -                  ; n/a           ; n/a             ; n/a         ;
; filas[1]     ; 2.5 V        ; 0 in              ; 0 H/in                  ; 0 F/in                  ; short         ; -                   ; open           ; open             ; open   ; 0 in             ; 0 H/in                 ; 0 F/in                 ; short        ; open          ; open            ; open  ; 0 V                 ; -                  ; n/a           ; n/a             ; n/a         ;
; filas[0]     ; 2.5 V        ; 0 in              ; 0 H/in                  ; 0 F/in                  ; short         ; -                   ; open           ; open             ; open   ; 0 in             ; 0 H/in                 ; 0 F/in                 ; short        ; open          ; open            ; open  ; 0 V                 ; -                  ; n/a           ; n/a             ; n/a         ;
; ~ALTERA_TDO~ ; 2.5 V        ; 0 in              ; 0 H/in                  ; 0 F/in                  ; short         ; -                   ; open           ; open             ; open   ; 0 in             ; 0 H/in                 ; 0 F/in                 ; short        ; open          ; open            ; open  ; 0 V                 ; -                  ; n/a           ; n/a             ; n/a         ;
+--------------+--------------+-------------------+-------------------------+-------------------------+---------------+---------------------+----------------+------------------+--------+------------------+------------------------+------------------------+--------------+---------------+-----------------+-------+---------------------+--------------------+---------------+-----------------+-------------+


+---------------------------------------------------------------------------------+
; Input Transition Times                                                          ;
+---------------------+-----------------------+-----------------+-----------------+
; Pin                 ; I/O Standard          ; 10-90 Rise Time ; 90-10 Fall Time ;
+---------------------+-----------------------+-----------------+-----------------+
; magna               ; 2.5 V                 ; 2000 ps         ; 2000 ps         ;
; premium             ; 2.5 V                 ; 2000 ps         ; 2000 ps         ;
; clk                 ; 2.5 V                 ; 2000 ps         ; 2000 ps         ;
; columnas[3]         ; 2.5 V                 ; 2000 ps         ; 2000 ps         ;
; columnas[2]         ; 2.5 V                 ; 2000 ps         ; 2000 ps         ;
; columnas[1]         ; 2.5 V                 ; 2000 ps         ; 2000 ps         ;
; columnas[0]         ; 2.5 V                 ; 2000 ps         ; 2000 ps         ;
; ~ALTERA_TMS~        ; 2.5 V Schmitt Trigger ; 2000 ps         ; 2000 ps         ;
; ~ALTERA_TCK~        ; 2.5 V Schmitt Trigger ; 2000 ps         ; 2000 ps         ;
; ~ALTERA_TDI~        ; 2.5 V Schmitt Trigger ; 2000 ps         ; 2000 ps         ;
; ~ALTERA_CONFIG_SEL~ ; 2.5 V                 ; 2000 ps         ; 2000 ps         ;
; ~ALTERA_nCONFIG~    ; 2.5 V Schmitt Trigger ; 2000 ps         ; 2000 ps         ;
; ~ALTERA_nSTATUS~    ; 2.5 V Schmitt Trigger ; 2000 ps         ; 2000 ps         ;
; ~ALTERA_CONF_DONE~  ; 2.5 V Schmitt Trigger ; 2000 ps         ; 2000 ps         ;
+---------------------+-----------------------+-----------------+-----------------+


+-------------------------------------------------------------------------------------------------------------------------------------------------------------------------------------------------------------------------------------------------------------------------------------------------------------------------------------------------------------------------------------------------------------------------------------------------------------------------------------------------------------------------------------------------------------------------------------------------------------------------------------------------------------------------------------------+
; Signal Integrity Metrics (Slow 1200mv 0c Model)                                                                                                                                                                                                                                                                                                                                                                                                                                                                                                                                                                                                                                           ;
+--------------+--------------+---------------------+---------------------+------------------------------+------------------------------+---------------------+---------------------+--------------------------------------+--------------------------------------+-----------------------------+-----------------------------+----------------------------+----------------------------+-----------------------------+-----------------------------+--------------------+--------------------+-------------------------------------+-------------------------------------+----------------------------+----------------------------+---------------------------+---------------------------+
; Pin          ; I/O Standard ; Board Delay on Rise ; Board Delay on Fall ; Steady State Voh at FPGA Pin ; Steady State Vol at FPGA Pin ; Voh Max at FPGA Pin ; Vol Min at FPGA Pin ; Ringback Voltage on Rise at FPGA Pin ; Ringback Voltage on Fall at FPGA Pin ; 10-90 Rise Time at FPGA Pin ; 90-10 Fall Time at FPGA Pin ; Monotonic Rise at FPGA Pin ; Monotonic Fall at FPGA Pin ; Steady State Voh at Far-end ; Steady State Vol at Far-end ; Voh Max at Far-end ; Vol Min at Far-end ; Ringback Voltage on Rise at Far-end ; Ringback Voltage on Fall at Far-end ; 10-90 Rise Time at Far-end ; 90-10 Fall Time at Far-end ; Monotonic Rise at Far-end ; Monotonic Fall at Far-end ;
+--------------+--------------+---------------------+---------------------+------------------------------+------------------------------+---------------------+---------------------+--------------------------------------+--------------------------------------+-----------------------------+-----------------------------+----------------------------+----------------------------+-----------------------------+-----------------------------+--------------------+--------------------+-------------------------------------+-------------------------------------+----------------------------+----------------------------+---------------------------+---------------------------+
; bombaM       ; 2.5 V        ; 0 s                 ; 0 s                 ; 2.32 V                       ; 1.32e-08 V                   ; 2.39 V              ; -0.0678 V           ; 0.243 V                              ; 0.271 V                              ; 4.88e-10 s                  ; 6.73e-10 s                  ; No                         ; No                         ; 2.32 V                      ; 1.32e-08 V                  ; 2.39 V             ; -0.0678 V          ; 0.243 V                             ; 0.271 V                             ; 4.88e-10 s                 ; 6.73e-10 s                 ; No                        ; No                        ;
; bombaP       ; 2.5 V        ; 0 s                 ; 0 s                 ; 2.32 V                       ; 1.32e-08 V                   ; 2.39 V              ; -0.0678 V           ; 0.243 V                              ; 0.271 V                              ; 4.88e-10 s                  ; 6.73e-10 s                  ; No                         ; No                         ; 2.32 V                      ; 1.32e-08 V                  ; 2.39 V             ; -0.0678 V          ; 0.243 V                             ; 0.271 V                             ; 4.88e-10 s                 ; 6.73e-10 s                 ; No                        ; No                        ;
; filas[3]     ; 2.5 V        ; 0 s                 ; 0 s                 ; 2.32 V                       ; 1.32e-08 V                   ; 2.39 V              ; -0.0678 V           ; 0.243 V                              ; 0.271 V                              ; 4.88e-10 s                  ; 6.73e-10 s                  ; No                         ; No                         ; 2.32 V                      ; 1.32e-08 V                  ; 2.39 V             ; -0.0678 V          ; 0.243 V                             ; 0.271 V                             ; 4.88e-10 s                 ; 6.73e-10 s                 ; No                        ; No                        ;
; filas[2]     ; 2.5 V        ; 0 s                 ; 0 s                 ; 2.32 V                       ; 1.32e-08 V                   ; 2.39 V              ; -0.0678 V           ; 0.243 V                              ; 0.271 V                              ; 4.88e-10 s                  ; 6.73e-10 s                  ; No                         ; No                         ; 2.32 V                      ; 1.32e-08 V                  ; 2.39 V             ; -0.0678 V          ; 0.243 V                             ; 0.271 V                             ; 4.88e-10 s                 ; 6.73e-10 s                 ; No                        ; No                        ;
; filas[1]     ; 2.5 V        ; 0 s                 ; 0 s                 ; 2.32 V                       ; 1.32e-08 V                   ; 2.39 V              ; -0.0678 V           ; 0.243 V                              ; 0.271 V                              ; 4.88e-10 s                  ; 6.73e-10 s                  ; No                         ; No                         ; 2.32 V                      ; 1.32e-08 V                  ; 2.39 V             ; -0.0678 V          ; 0.243 V                             ; 0.271 V                             ; 4.88e-10 s                 ; 6.73e-10 s                 ; No                        ; No                        ;
; filas[0]     ; 2.5 V        ; 0 s                 ; 0 s                 ; 2.32 V                       ; 1.32e-08 V                   ; 2.39 V              ; -0.0678 V           ; 0.243 V                              ; 0.271 V                              ; 4.88e-10 s                  ; 6.73e-10 s                  ; No                         ; No                         ; 2.32 V                      ; 1.32e-08 V                  ; 2.39 V             ; -0.0678 V          ; 0.243 V                             ; 0.271 V                             ; 4.88e-10 s                 ; 6.73e-10 s                 ; No                        ; No                        ;
; ~ALTERA_TDO~ ; 2.5 V        ; 0 s                 ; 0 s                 ; 2.32 V                       ; 1.69e-08 V                   ; 2.37 V              ; -0.0453 V           ; 0.185 V                              ; 0.166 V                              ; 6.63e-10 s                  ; 8.19e-10 s                  ; No                         ; No                         ; 2.32 V                      ; 1.69e-08 V                  ; 2.37 V             ; -0.0453 V          ; 0.185 V                             ; 0.166 V                             ; 6.63e-10 s                 ; 8.19e-10 s                 ; No                        ; No                        ;
+--------------+--------------+---------------------+---------------------+------------------------------+------------------------------+---------------------+---------------------+--------------------------------------+--------------------------------------+-----------------------------+-----------------------------+----------------------------+----------------------------+-----------------------------+-----------------------------+--------------------+--------------------+-------------------------------------+-------------------------------------+----------------------------+----------------------------+---------------------------+---------------------------+


+-------------------------------------------------------------------------------------------------------------------------------------------------------------------------------------------------------------------------------------------------------------------------------------------------------------------------------------------------------------------------------------------------------------------------------------------------------------------------------------------------------------------------------------------------------------------------------------------------------------------------------------------------------------------------------------------+
; Signal Integrity Metrics (Slow 1200mv 85c Model)                                                                                                                                                                                                                                                                                                                                                                                                                                                                                                                                                                                                                                          ;
+--------------+--------------+---------------------+---------------------+------------------------------+------------------------------+---------------------+---------------------+--------------------------------------+--------------------------------------+-----------------------------+-----------------------------+----------------------------+----------------------------+-----------------------------+-----------------------------+--------------------+--------------------+-------------------------------------+-------------------------------------+----------------------------+----------------------------+---------------------------+---------------------------+
; Pin          ; I/O Standard ; Board Delay on Rise ; Board Delay on Fall ; Steady State Voh at FPGA Pin ; Steady State Vol at FPGA Pin ; Voh Max at FPGA Pin ; Vol Min at FPGA Pin ; Ringback Voltage on Rise at FPGA Pin ; Ringback Voltage on Fall at FPGA Pin ; 10-90 Rise Time at FPGA Pin ; 90-10 Fall Time at FPGA Pin ; Monotonic Rise at FPGA Pin ; Monotonic Fall at FPGA Pin ; Steady State Voh at Far-end ; Steady State Vol at Far-end ; Voh Max at Far-end ; Vol Min at Far-end ; Ringback Voltage on Rise at Far-end ; Ringback Voltage on Fall at Far-end ; 10-90 Rise Time at Far-end ; 90-10 Fall Time at Far-end ; Monotonic Rise at Far-end ; Monotonic Fall at Far-end ;
+--------------+--------------+---------------------+---------------------+------------------------------+------------------------------+---------------------+---------------------+--------------------------------------+--------------------------------------+-----------------------------+-----------------------------+----------------------------+----------------------------+-----------------------------+-----------------------------+--------------------+--------------------+-------------------------------------+-------------------------------------+----------------------------+----------------------------+---------------------------+---------------------------+
; bombaM       ; 2.5 V        ; 0 s                 ; 0 s                 ; 2.32 V                       ; 1.87e-06 V                   ; 2.36 V              ; -0.0399 V           ; 0.161 V                              ; 0.192 V                              ; 6.62e-10 s                  ; 8.45e-10 s                  ; No                         ; No                         ; 2.32 V                      ; 1.87e-06 V                  ; 2.36 V             ; -0.0399 V          ; 0.161 V                             ; 0.192 V                             ; 6.62e-10 s                 ; 8.45e-10 s                 ; No                        ; No                        ;
; bombaP       ; 2.5 V        ; 0 s                 ; 0 s                 ; 2.32 V                       ; 1.87e-06 V                   ; 2.36 V              ; -0.0399 V           ; 0.161 V                              ; 0.192 V                              ; 6.62e-10 s                  ; 8.45e-10 s                  ; No                         ; No                         ; 2.32 V                      ; 1.87e-06 V                  ; 2.36 V             ; -0.0399 V          ; 0.161 V                             ; 0.192 V                             ; 6.62e-10 s                 ; 8.45e-10 s                 ; No                        ; No                        ;
; filas[3]     ; 2.5 V        ; 0 s                 ; 0 s                 ; 2.32 V                       ; 1.87e-06 V                   ; 2.36 V              ; -0.0399 V           ; 0.161 V                              ; 0.192 V                              ; 6.62e-10 s                  ; 8.45e-10 s                  ; No                         ; No                         ; 2.32 V                      ; 1.87e-06 V                  ; 2.36 V             ; -0.0399 V          ; 0.161 V                             ; 0.192 V                             ; 6.62e-10 s                 ; 8.45e-10 s                 ; No                        ; No                        ;
; filas[2]     ; 2.5 V        ; 0 s                 ; 0 s                 ; 2.32 V                       ; 1.87e-06 V                   ; 2.36 V              ; -0.0399 V           ; 0.161 V                              ; 0.192 V                              ; 6.62e-10 s                  ; 8.45e-10 s                  ; No                         ; No                         ; 2.32 V                      ; 1.87e-06 V                  ; 2.36 V             ; -0.0399 V          ; 0.161 V                             ; 0.192 V                             ; 6.62e-10 s                 ; 8.45e-10 s                 ; No                        ; No                        ;
; filas[1]     ; 2.5 V        ; 0 s                 ; 0 s                 ; 2.32 V                       ; 1.87e-06 V                   ; 2.36 V              ; -0.0399 V           ; 0.161 V                              ; 0.192 V                              ; 6.62e-10 s                  ; 8.45e-10 s                  ; No                         ; No                         ; 2.32 V                      ; 1.87e-06 V                  ; 2.36 V             ; -0.0399 V          ; 0.161 V                             ; 0.192 V                             ; 6.62e-10 s                 ; 8.45e-10 s                 ; No                        ; No                        ;
; filas[0]     ; 2.5 V        ; 0 s                 ; 0 s                 ; 2.32 V                       ; 1.87e-06 V                   ; 2.36 V              ; -0.0399 V           ; 0.161 V                              ; 0.192 V                              ; 6.62e-10 s                  ; 8.45e-10 s                  ; No                         ; No                         ; 2.32 V                      ; 1.87e-06 V                  ; 2.36 V             ; -0.0399 V          ; 0.161 V                             ; 0.192 V                             ; 6.62e-10 s                 ; 8.45e-10 s                 ; No                        ; No                        ;
; ~ALTERA_TDO~ ; 2.5 V        ; 0 s                 ; 0 s                 ; 2.32 V                       ; 2.47e-06 V                   ; 2.35 V              ; -0.021 V            ; 0.153 V                              ; 0.139 V                              ; 8.47e-10 s                  ; 9.84e-10 s                  ; No                         ; No                         ; 2.32 V                      ; 2.47e-06 V                  ; 2.35 V             ; -0.021 V           ; 0.153 V                             ; 0.139 V                             ; 8.47e-10 s                 ; 9.84e-10 s                 ; No                        ; No                        ;
+--------------+--------------+---------------------+---------------------+------------------------------+------------------------------+---------------------+---------------------+--------------------------------------+--------------------------------------+-----------------------------+-----------------------------+----------------------------+----------------------------+-----------------------------+-----------------------------+--------------------+--------------------+-------------------------------------+-------------------------------------+----------------------------+----------------------------+---------------------------+---------------------------+


+-------------------------------------------------------------------------------------------------------------------------------------------------------------------------------------------------------------------------------------------------------------------------------------------------------------------------------------------------------------------------------------------------------------------------------------------------------------------------------------------------------------------------------------------------------------------------------------------------------------------------------------------------------------------------------------------+
; Signal Integrity Metrics (Fast 1200mv 0c Model)                                                                                                                                                                                                                                                                                                                                                                                                                                                                                                                                                                                                                                           ;
+--------------+--------------+---------------------+---------------------+------------------------------+------------------------------+---------------------+---------------------+--------------------------------------+--------------------------------------+-----------------------------+-----------------------------+----------------------------+----------------------------+-----------------------------+-----------------------------+--------------------+--------------------+-------------------------------------+-------------------------------------+----------------------------+----------------------------+---------------------------+---------------------------+
; Pin          ; I/O Standard ; Board Delay on Rise ; Board Delay on Fall ; Steady State Voh at FPGA Pin ; Steady State Vol at FPGA Pin ; Voh Max at FPGA Pin ; Vol Min at FPGA Pin ; Ringback Voltage on Rise at FPGA Pin ; Ringback Voltage on Fall at FPGA Pin ; 10-90 Rise Time at FPGA Pin ; 90-10 Fall Time at FPGA Pin ; Monotonic Rise at FPGA Pin ; Monotonic Fall at FPGA Pin ; Steady State Voh at Far-end ; Steady State Vol at Far-end ; Voh Max at Far-end ; Vol Min at Far-end ; Ringback Voltage on Rise at Far-end ; Ringback Voltage on Fall at Far-end ; 10-90 Rise Time at Far-end ; 90-10 Fall Time at Far-end ; Monotonic Rise at Far-end ; Monotonic Fall at Far-end ;
+--------------+--------------+---------------------+---------------------+------------------------------+------------------------------+---------------------+---------------------+--------------------------------------+--------------------------------------+-----------------------------+-----------------------------+----------------------------+----------------------------+-----------------------------+-----------------------------+--------------------+--------------------+-------------------------------------+-------------------------------------+----------------------------+----------------------------+---------------------------+---------------------------+
; bombaM       ; 2.5 V        ; 0 s                 ; 0 s                 ; 2.62 V                       ; 1.4e-07 V                    ; 2.76 V              ; -0.022 V            ; 0.337 V                              ; 0.036 V                              ; 2.94e-10 s                  ; 4.52e-10 s                  ; No                         ; Yes                        ; 2.62 V                      ; 1.4e-07 V                   ; 2.76 V             ; -0.022 V           ; 0.337 V                             ; 0.036 V                             ; 2.94e-10 s                 ; 4.52e-10 s                 ; No                        ; Yes                       ;
; bombaP       ; 2.5 V        ; 0 s                 ; 0 s                 ; 2.62 V                       ; 1.4e-07 V                    ; 2.76 V              ; -0.022 V            ; 0.337 V                              ; 0.036 V                              ; 2.94e-10 s                  ; 4.52e-10 s                  ; No                         ; Yes                        ; 2.62 V                      ; 1.4e-07 V                   ; 2.76 V             ; -0.022 V           ; 0.337 V                             ; 0.036 V                             ; 2.94e-10 s                 ; 4.52e-10 s                 ; No                        ; Yes                       ;
; filas[3]     ; 2.5 V        ; 0 s                 ; 0 s                 ; 2.62 V                       ; 1.4e-07 V                    ; 2.76 V              ; -0.022 V            ; 0.337 V                              ; 0.036 V                              ; 2.94e-10 s                  ; 4.52e-10 s                  ; No                         ; Yes                        ; 2.62 V                      ; 1.4e-07 V                   ; 2.76 V             ; -0.022 V           ; 0.337 V                             ; 0.036 V                             ; 2.94e-10 s                 ; 4.52e-10 s                 ; No                        ; Yes                       ;
; filas[2]     ; 2.5 V        ; 0 s                 ; 0 s                 ; 2.62 V                       ; 1.4e-07 V                    ; 2.76 V              ; -0.022 V            ; 0.337 V                              ; 0.036 V                              ; 2.94e-10 s                  ; 4.52e-10 s                  ; No                         ; Yes                        ; 2.62 V                      ; 1.4e-07 V                   ; 2.76 V             ; -0.022 V           ; 0.337 V                             ; 0.036 V                             ; 2.94e-10 s                 ; 4.52e-10 s                 ; No                        ; Yes                       ;
; filas[1]     ; 2.5 V        ; 0 s                 ; 0 s                 ; 2.62 V                       ; 1.4e-07 V                    ; 2.76 V              ; -0.022 V            ; 0.337 V                              ; 0.036 V                              ; 2.94e-10 s                  ; 4.52e-10 s                  ; No                         ; Yes                        ; 2.62 V                      ; 1.4e-07 V                   ; 2.76 V             ; -0.022 V           ; 0.337 V                             ; 0.036 V                             ; 2.94e-10 s                 ; 4.52e-10 s                 ; No                        ; Yes                       ;
; filas[0]     ; 2.5 V        ; 0 s                 ; 0 s                 ; 2.62 V                       ; 1.4e-07 V                    ; 2.76 V              ; -0.022 V            ; 0.337 V                              ; 0.036 V                              ; 2.94e-10 s                  ; 4.52e-10 s                  ; No                         ; Yes                        ; 2.62 V                      ; 1.4e-07 V                   ; 2.76 V             ; -0.022 V           ; 0.337 V                             ; 0.036 V                             ; 2.94e-10 s                 ; 4.52e-10 s                 ; No                        ; Yes                       ;
; ~ALTERA_TDO~ ; 2.5 V        ; 0 s                 ; 0 s                 ; 2.62 V                       ; 1.94e-07 V                   ; 2.72 V              ; -0.0267 V           ; 0.222 V                              ; 0.078 V                              ; 4.6e-10 s                   ; 5e-10 s                     ; No                         ; Yes                        ; 2.62 V                      ; 1.94e-07 V                  ; 2.72 V             ; -0.0267 V          ; 0.222 V                             ; 0.078 V                             ; 4.6e-10 s                  ; 5e-10 s                    ; No                        ; Yes                       ;
+--------------+--------------+---------------------+---------------------+------------------------------+------------------------------+---------------------+---------------------+--------------------------------------+--------------------------------------+-----------------------------+-----------------------------+----------------------------+----------------------------+-----------------------------+-----------------------------+--------------------+--------------------+-------------------------------------+-------------------------------------+----------------------------+----------------------------+---------------------------+---------------------------+


+-----------------------------------------------------------------------------------------------------+
; Setup Transfers                                                                                     ;
+----------------------------+----------------------------+----------+----------+----------+----------+
; From Clock                 ; To Clock                   ; RR Paths ; FR Paths ; RF Paths ; FF Paths ;
+----------------------------+----------------------------+----------+----------+----------+----------+
; Divisor:inst3|pulso        ; central:inst4|estado_pr.S6 ; 19       ; 59       ; 0        ; 0        ;
; clk                        ; clk                        ; 225      ; 0        ; 0        ; 0        ;
; Divisor:inst3|pulso        ; clk                        ; 1        ; 1        ; 0        ; 0        ;
; central:inst4|estado_pr.S6 ; Divisor:inst3|pulso        ; 9        ; 0        ; 0        ; 0        ;
; Divisor:inst3|pulso        ; Divisor:inst3|pulso        ; 35       ; 0        ; 31       ; 0        ;
+----------------------------+----------------------------+----------+----------+----------+----------+
Entries labeled "false path" only account for clock-to-clock false paths and not path-based false paths. As a result, actual path counts may be lower than reported.


+-----------------------------------------------------------------------------------------------------+
; Hold Transfers                                                                                      ;
+----------------------------+----------------------------+----------+----------+----------+----------+
; From Clock                 ; To Clock                   ; RR Paths ; FR Paths ; RF Paths ; FF Paths ;
+----------------------------+----------------------------+----------+----------+----------+----------+
; Divisor:inst3|pulso        ; central:inst4|estado_pr.S6 ; 19       ; 59       ; 0        ; 0        ;
; clk                        ; clk                        ; 225      ; 0        ; 0        ; 0        ;
; Divisor:inst3|pulso        ; clk                        ; 1        ; 1        ; 0        ; 0        ;
; central:inst4|estado_pr.S6 ; Divisor:inst3|pulso        ; 9        ; 0        ; 0        ; 0        ;
; Divisor:inst3|pulso        ; Divisor:inst3|pulso        ; 35       ; 0        ; 31       ; 0        ;
+----------------------------+----------------------------+----------+----------+----------+----------+
Entries labeled "false path" only account for clock-to-clock false paths and not path-based false paths. As a result, actual path counts may be lower than reported.


+---------------------------------------------------------------------------------------+
; Recovery Transfers                                                                    ;
+---------------------+---------------------+----------+----------+----------+----------+
; From Clock          ; To Clock            ; RR Paths ; FR Paths ; RF Paths ; FF Paths ;
+---------------------+---------------------+----------+----------+----------+----------+
; Divisor:inst3|pulso ; Divisor:inst3|pulso ; 0        ; 36       ; 0        ; 0        ;
+---------------------+---------------------+----------+----------+----------+----------+
Entries labeled "false path" only account for clock-to-clock false paths and not path-based false paths. As a result, actual path counts may be lower than reported.


+---------------------------------------------------------------------------------------+
; Removal Transfers                                                                     ;
+---------------------+---------------------+----------+----------+----------+----------+
; From Clock          ; To Clock            ; RR Paths ; FR Paths ; RF Paths ; FF Paths ;
+---------------------+---------------------+----------+----------+----------+----------+
; Divisor:inst3|pulso ; Divisor:inst3|pulso ; 0        ; 36       ; 0        ; 0        ;
+---------------------+---------------------+----------+----------+----------+----------+
Entries labeled "false path" only account for clock-to-clock false paths and not path-based false paths. As a result, actual path counts may be lower than reported.


---------------
; Report TCCS ;
---------------
No dedicated SERDES Transmitter circuitry present in device or used in design


---------------
; Report RSKM ;
---------------
No non-DPA dedicated SERDES Receiver circuitry present in device or used in design


+------------------------------------------------+
; Unconstrained Paths                            ;
+---------------------------------+-------+------+
; Property                        ; Setup ; Hold ;
+---------------------------------+-------+------+
; Illegal Clocks                  ; 0     ; 0    ;
; Unconstrained Clocks            ; 0     ; 0    ;
; Unconstrained Input Ports       ; 6     ; 6    ;
; Unconstrained Input Port Paths  ; 34    ; 34   ;
; Unconstrained Output Ports      ; 6     ; 6    ;
; Unconstrained Output Port Paths ; 14    ; 14   ;
+---------------------------------+-------+------+


+------------------------------------+
; TimeQuest Timing Analyzer Messages ;
+------------------------------------+
Info: *******************************************************************
Info: Running Quartus II 64-Bit TimeQuest Timing Analyzer
    Info: Version 15.0.0 Build 145 04/22/2015 SJ Web Edition
    Info: Processing started: Mon May 27 12:53:27 2019
Info: Command: quartus_sta Prueba2 -c Prueba2
Info: qsta_default_script.tcl version: #11
Warning (20028): Parallel compilation is not licensed and has been disabled
Info (21077): Low junction temperature is 0 degrees C
Info (21077): High junction temperature is 85 degrees C
Warning (335093): TimeQuest Timing Analyzer is analyzing 9 combinational loops as latches.
Critical Warning (332012): Synopsys Design Constraints File file not found: 'Prueba2.sdc'. A Synopsys Design Constraints File is required by the TimeQuest Timing Analyzer to get proper timing constraints. Without it, the Compiler will not properly optimize the design.
Info (332142): No user constrained base clocks found in the design. Calling "derive_clocks -period 1.0"
Info (332105): Deriving Clocks
    Info (332105): create_clock -period 1.000 -name clk clk
    Info (332105): create_clock -period 1.000 -name Divisor:inst3|pulso Divisor:inst3|pulso
    Info (332105): create_clock -period 1.000 -name central:inst4|estado_pr.S6 central:inst4|estado_pr.S6
Info (332143): No user constrained clock uncertainty found in the design. Calling "derive_clock_uncertainty"
Info (332123): Deriving Clock Uncertainty. Please refer to report_sdc in TimeQuest to see clock uncertainties.
Info: Found TIMEQUEST_REPORT_SCRIPT_INCLUDE_DEFAULT_ANALYSIS = ON
Info: Analyzing Slow 1200mV 85C Model
Info: Can't run Report Timing Closure Recommendations. The current device family is not supported.
Critical Warning (332148): Timing requirements not met
Info (332146): Worst-case setup slack is -3.084
    Info (332119):     Slack       End Point TNS Clock 
    Info (332119): ========= =================== =====================
    Info (332119):    -3.084             -24.627 central:inst4|estado_pr.S6 
    Info (332119):    -2.989             -23.373 clk 
    Info (332119):    -2.580             -21.206 Divisor:inst3|pulso 
Info (332146): Worst-case hold slack is -0.034
    Info (332119):     Slack       End Point TNS Clock 
    Info (332119): ========= =================== =====================
    Info (332119):    -0.034              -0.034 Divisor:inst3|pulso 
    Info (332119):     0.560               0.000 central:inst4|estado_pr.S6 
    Info (332119):     0.654               0.000 clk 
Info (332146): Worst-case recovery slack is -2.494
    Info (332119):     Slack       End Point TNS Clock 
    Info (332119): ========= =================== =====================
    Info (332119):    -2.494             -20.486 Divisor:inst3|pulso 
Info (332146): Worst-case removal slack is 2.112
    Info (332119):     Slack       End Point TNS Clock 
    Info (332119): ========= =================== =====================
    Info (332119):     2.112               0.000 Divisor:inst3|pulso 
Info (332146): Worst-case minimum pulse width slack is -3.000
    Info (332119):     Slack       End Point TNS Clock 
    Info (332119): ========= =================== =====================
    Info (332119):    -3.000             -19.000 clk 
    Info (332119):    -1.000             -19.000 Divisor:inst3|pulso 
    Info (332119):     0.434               0.000 central:inst4|estado_pr.S6 
Info (332001): The selected device family is not supported by the report_metastability command.
Info: Analyzing Slow 1200mV 0C Model
Info (334003): Started post-fitting delay annotation
Warning (334000): Timing characteristics of device 10M50DAF484C7G are preliminary
Info (334004): Delay annotation completed successfully
Info (332123): Deriving Clock Uncertainty. Please refer to report_sdc in TimeQuest to see clock uncertainties.
Critical Warning (332148): Timing requirements not met
Info (332146): Worst-case setup slack is -2.779
    Info (332119):     Slack       End Point TNS Clock 
    Info (332119): ========= =================== =====================
    Info (332119):    -2.779             -21.778 central:inst4|estado_pr.S6 
    Info (332119):    -2.707             -19.898 clk 
    Info (332119):    -2.273             -18.587 Divisor:inst3|pulso 
Info (332146): Worst-case hold slack is -0.023
    Info (332119):     Slack       End Point TNS Clock 
    Info (332119): ========= =================== =====================
    Info (332119):    -0.023              -0.023 Divisor:inst3|pulso 
    Info (332119):     0.513               0.000 central:inst4|estado_pr.S6 
    Info (332119):     0.602               0.000 clk 
Info (332146): Worst-case recovery slack is -2.099
    Info (332119):     Slack       End Point TNS Clock 
    Info (332119): ========= =================== =====================
    Info (332119):    -2.099             -17.477 Divisor:inst3|pulso 
Info (332146): Worst-case removal slack is 1.921
    Info (332119):     Slack       End Point TNS Clock 
    Info (332119): ========= =================== =====================
    Info (332119):     1.921               0.000 Divisor:inst3|pulso 
Info (332146): Worst-case minimum pulse width slack is -3.000
    Info (332119):     Slack       End Point TNS Clock 
    Info (332119): ========= =================== =====================
    Info (332119):    -3.000             -19.000 clk 
    Info (332119):    -1.000             -19.000 Divisor:inst3|pulso 
    Info (332119):     0.438               0.000 central:inst4|estado_pr.S6 
Info (332001): The selected device family is not supported by the report_metastability command.
Info: Analyzing Fast 1200mV 0C Model
Info (332123): Deriving Clock Uncertainty. Please refer to report_sdc in TimeQuest to see clock uncertainties.
Critical Warning (332148): Timing requirements not met
Info (332146): Worst-case setup slack is -1.129
    Info (332119):     Slack       End Point TNS Clock 
    Info (332119): ========= =================== =====================
    Info (332119):    -1.129              -8.824 central:inst4|estado_pr.S6 
    Info (332119):    -0.730              -1.594 clk 
    Info (332119):    -0.540              -3.218 Divisor:inst3|pulso 
Info (332146): Worst-case hold slack is -0.046
    Info (332119):     Slack       End Point TNS Clock 
    Info (332119): ========= =================== =====================
    Info (332119):    -0.046              -0.046 Divisor:inst3|pulso 
    Info (332119):     0.182               0.000 clk 
    Info (332119):     0.201               0.000 central:inst4|estado_pr.S6 
Info (332146): Worst-case recovery slack is -1.049
    Info (332119):     Slack       End Point TNS Clock 
    Info (332119): ========= =================== =====================
    Info (332119):    -1.049              -7.671 Divisor:inst3|pulso 
Info (332146): Worst-case removal slack is 1.275
    Info (332119):     Slack       End Point TNS Clock 
    Info (332119): ========= =================== =====================
    Info (332119):     1.275               0.000 Divisor:inst3|pulso 
Info (332146): Worst-case minimum pulse width slack is -3.000
    Info (332119):     Slack       End Point TNS Clock 
    Info (332119): ========= =================== =====================
    Info (332119):    -3.000             -19.842 clk 
    Info (332119):    -1.000             -19.000 Divisor:inst3|pulso 
    Info (332119):     0.342               0.000 central:inst4|estado_pr.S6 
Info (332001): The selected device family is not supported by the report_metastability command.
Info (332102): Design is not fully constrained for setup requirements
Info (332102): Design is not fully constrained for hold requirements
Info: Quartus II 64-Bit TimeQuest Timing Analyzer was successful. 0 errors, 7 warnings
    Info: Peak virtual memory: 4861 megabytes
    Info: Processing ended: Mon May 27 12:53:32 2019
    Info: Elapsed time: 00:00:05
    Info: Total CPU time (on all processors): 00:00:03


