Analysis & Synthesis report for DDM
Mon Jun 03 15:25:29 2019
Quartus II Version 9.1 Build 350 03/24/2010 Service Pack 2 SJ Web Edition


---------------------
; Table of Contents ;
---------------------
  1. Legal Notice
  2. Analysis & Synthesis Summary
  3. Analysis & Synthesis Settings
  4. Analysis & Synthesis Source Files Read
  5. Analysis & Synthesis Resource Usage Summary
  6. Analysis & Synthesis Resource Utilization by Entity
  7. State Machine - |DDM|central4bits:inst2|estado_pr
  8. State Machine - |DDM|Teclado4bits:inst1|pr_state
  9. Registers Removed During Synthesis
 10. Removed Registers Triggering Further Register Optimizations
 11. General Register Statistics
 12. Analysis & Synthesis Messages



----------------
; Legal Notice ;
----------------
Copyright (C) 1991-2010 Altera Corporation
Your use of Altera Corporation's design tools, logic functions 
and other software and tools, and its AMPP partner logic 
functions, and any output files from any of the foregoing 
(including device programming or simulation files), and any 
associated documentation or information are expressly subject 
to the terms and conditions of the Altera Program License 
Subscription Agreement, Altera MegaCore Function License 
Agreement, or other applicable license agreement, including, 
without limitation, that your use is for the sole purpose of 
programming logic devices manufactured by Altera and sold by 
Altera or its authorized distributors.  Please refer to the 
applicable agreement for further details.



+----------------------------------------------------------------------------+
; Analysis & Synthesis Summary                                               ;
+-----------------------------+----------------------------------------------+
; Analysis & Synthesis Status ; Successful - Mon Jun 03 15:25:29 2019        ;
; Quartus II Version          ; 9.1 Build 350 03/24/2010 SP 2 SJ Web Edition ;
; Revision Name               ; DDM                                          ;
; Top-level Entity Name       ; DDM                                          ;
; Family                      ; MAX II                                       ;
; Total logic elements        ; 39                                           ;
; Total pins                  ; 23                                           ;
; Total virtual pins          ; 0                                            ;
; UFM blocks                  ; 0 / 1 ( 0 % )                                ;
+-----------------------------+----------------------------------------------+


+----------------------------------------------------------------------------------------------------------------------+
; Analysis & Synthesis Settings                                                                                        ;
+----------------------------------------------------------------------------+--------------------+--------------------+
; Option                                                                     ; Setting            ; Default Value      ;
+----------------------------------------------------------------------------+--------------------+--------------------+
; Device                                                                     ; EPM240T100C5       ;                    ;
; Top-level entity name                                                      ; DDM                ; DDM                ;
; Family name                                                                ; MAX II             ; Cyclone IV GX      ;
; Type of Retiming Performed During Resynthesis                              ; Full               ;                    ;
; Resynthesis Optimization Effort                                            ; Normal             ;                    ;
; Physical Synthesis Level for Resynthesis                                   ; Normal             ;                    ;
; Use Generated Physical Constraints File                                    ; On                 ;                    ;
; Synchronization Register Chain Length                                      ; 2                  ; 3                  ;
; Use smart compilation                                                      ; Off                ; Off                ;
; Enable parallel Assembler and TimeQuest Timing Analyzer during compilation ; On                 ; On                 ;
; Enable compact report table                                                ; Off                ; Off                ;
; Restructure Multiplexers                                                   ; Auto               ; Auto               ;
; Create Debugging Nodes for IP Cores                                        ; Off                ; Off                ;
; Preserve fewer node names                                                  ; On                 ; On                 ;
; Disable OpenCore Plus hardware evaluation                                  ; Off                ; Off                ;
; Verilog Version                                                            ; Verilog_2001       ; Verilog_2001       ;
; VHDL Version                                                               ; VHDL_1993          ; VHDL_1993          ;
; State Machine Processing                                                   ; Auto               ; Auto               ;
; Safe State Machine                                                         ; Off                ; Off                ;
; Extract Verilog State Machines                                             ; On                 ; On                 ;
; Extract VHDL State Machines                                                ; On                 ; On                 ;
; Ignore Verilog initial constructs                                          ; Off                ; Off                ;
; Iteration limit for constant Verilog loops                                 ; 5000               ; 5000               ;
; Iteration limit for non-constant Verilog loops                             ; 250                ; 250                ;
; Add Pass-Through Logic to Inferred RAMs                                    ; On                 ; On                 ;
; Parallel Synthesis                                                         ; On                 ; On                 ;
; NOT Gate Push-Back                                                         ; On                 ; On                 ;
; Power-Up Don't Care                                                        ; On                 ; On                 ;
; Remove Redundant Logic Cells                                               ; Off                ; Off                ;
; Remove Duplicate Registers                                                 ; On                 ; On                 ;
; Ignore CARRY Buffers                                                       ; Off                ; Off                ;
; Ignore CASCADE Buffers                                                     ; Off                ; Off                ;
; Ignore GLOBAL Buffers                                                      ; Off                ; Off                ;
; Ignore ROW GLOBAL Buffers                                                  ; Off                ; Off                ;
; Ignore LCELL Buffers                                                       ; Off                ; Off                ;
; Ignore SOFT Buffers                                                        ; On                 ; On                 ;
; Limit AHDL Integers to 32 Bits                                             ; Off                ; Off                ;
; Optimization Technique                                                     ; Balanced           ; Balanced           ;
; Carry Chain Length                                                         ; 70                 ; 70                 ;
; Auto Carry Chains                                                          ; On                 ; On                 ;
; Auto Open-Drain Pins                                                       ; On                 ; On                 ;
; Perform WYSIWYG Primitive Resynthesis                                      ; Off                ; Off                ;
; Auto Shift Register Replacement                                            ; Auto               ; Auto               ;
; Auto Clock Enable Replacement                                              ; On                 ; On                 ;
; Allow Synchronous Control Signals                                          ; On                 ; On                 ;
; Force Use of Synchronous Clear Signals                                     ; Off                ; Off                ;
; Auto Resource Sharing                                                      ; Off                ; Off                ;
; Use LogicLock Constraints during Resource Balancing                        ; On                 ; On                 ;
; Ignore translate_off and synthesis_off directives                          ; Off                ; Off                ;
; Show Parameter Settings Tables in Synthesis Report                         ; On                 ; On                 ;
; Ignore Maximum Fan-Out Assignments                                         ; Off                ; Off                ;
; PowerPlay Power Optimization                                               ; Normal compilation ; Normal compilation ;
; HDL message level                                                          ; Level2             ; Level2             ;
; Suppress Register Optimization Related Messages                            ; Off                ; Off                ;
; Number of Removed Registers Reported in Synthesis Report                   ; 5000               ; 5000               ;
; Number of Inverted Registers Reported in Synthesis Report                  ; 100                ; 100                ;
; Clock MUX Protection                                                       ; On                 ; On                 ;
; Block Design Naming                                                        ; Auto               ; Auto               ;
; Synthesis Effort                                                           ; Auto               ; Auto               ;
; Shift Register Replacement - Allow Asynchronous Clear Signal               ; On                 ; On                 ;
; Analysis & Synthesis Message Level                                         ; Medium             ; Medium             ;
; Disable Register Merging Across Hierarchies                                ; Auto               ; Auto               ;
+----------------------------------------------------------------------------+--------------------+--------------------+


+---------------------------------------------------------------------------------------------------------------------------------------------------+
; Analysis & Synthesis Source Files Read                                                                                                            ;
+----------------------------------+-----------------+------------------------------------+---------------------------------------------------------+
; File Name with User-Entered Path ; Used in Netlist ; File Type                          ; File Name with Absolute Path                            ;
+----------------------------------+-----------------+------------------------------------+---------------------------------------------------------+
; Divisor.vhd                      ; yes             ; User VHDL File                     ; E:/ProyectoDDM-master/ProyectoAhoraSi2/Divisor.vhd      ;
; DDM.bdf                          ; yes             ; User Block Diagram/Schematic File  ; E:/ProyectoDDM-master/ProyectoAhoraSi2/DDM.bdf          ;
; Central4bits.vhd                 ; yes             ; User VHDL File                     ; E:/ProyectoDDM-master/ProyectoAhoraSi2/Central4bits.vhd ;
; dec_tec4bits.vhd                 ; yes             ; User VHDL File                     ; E:/ProyectoDDM-master/ProyectoAhoraSi2/dec_tec4bits.vhd ;
+----------------------------------+-----------------+------------------------------------+---------------------------------------------------------+


+------------------------------------------------------------------------+
; Analysis & Synthesis Resource Usage Summary                            ;
+---------------------------------------------+--------------------------+
; Resource                                    ; Usage                    ;
+---------------------------------------------+--------------------------+
; Total logic elements                        ; 39                       ;
;     -- Combinational with no register       ; 16                       ;
;     -- Register only                        ; 2                        ;
;     -- Combinational with a register        ; 21                       ;
;                                             ;                          ;
; Logic element usage by number of LUT inputs ;                          ;
;     -- 4 input functions                    ; 10                       ;
;     -- 3 input functions                    ; 6                        ;
;     -- 2 input functions                    ; 18                       ;
;     -- 1 input functions                    ; 3                        ;
;     -- 0 input functions                    ; 0                        ;
;                                             ;                          ;
; Logic elements by mode                      ;                          ;
;     -- normal mode                          ; 24                       ;
;     -- arithmetic mode                      ; 15                       ;
;     -- qfbk mode                            ; 0                        ;
;     -- register cascade mode                ; 0                        ;
;     -- synchronous clear/load mode          ; 16                       ;
;     -- asynchronous clear/load mode         ; 2                        ;
;                                             ;                          ;
; Total registers                             ; 23                       ;
; Total logic cells in carry chains           ; 16                       ;
; I/O pins                                    ; 23                       ;
; Maximum fan-out node                        ; divisor:inst|LessThan0~3 ;
; Maximum fan-out                             ; 17                       ;
; Total fan-out                               ; 156                      ;
; Average fan-out                             ; 2.52                     ;
+---------------------------------------------+--------------------------+


+--------------------------------------------------------------------------------------------------------------------------------------------------------------------------------------------------------------------------+
; Analysis & Synthesis Resource Utilization by Entity                                                                                                                                                                      ;
+----------------------------+-------------+--------------+------------+------+--------------+--------------+-------------------+------------------+-----------------+------------+-------------------------+--------------+
; Compilation Hierarchy Node ; Logic Cells ; LC Registers ; UFM Blocks ; Pins ; Virtual Pins ; LUT-Only LCs ; Register-Only LCs ; LUT/Register LCs ; Carry Chain LCs ; Packed LCs ; Full Hierarchy Name     ; Library Name ;
+----------------------------+-------------+--------------+------------+------+--------------+--------------+-------------------+------------------+-----------------+------------+-------------------------+--------------+
; |DDM                       ; 39 (0)      ; 23           ; 0          ; 23   ; 0            ; 16 (0)       ; 2 (0)             ; 21 (0)           ; 16 (0)          ; 0 (0)      ; |DDM                    ; work         ;
;    |Teclado4bits:inst1|    ; 13 (13)     ; 4            ; 0          ; 0    ; 0            ; 9 (9)        ; 2 (2)             ; 2 (2)            ; 0 (0)           ; 0 (0)      ; |DDM|Teclado4bits:inst1 ; work         ;
;    |central4bits:inst2|    ; 5 (5)       ; 2            ; 0          ; 0    ; 0            ; 3 (3)        ; 0 (0)             ; 2 (2)            ; 0 (0)           ; 0 (0)      ; |DDM|central4bits:inst2 ; work         ;
;    |divisor:inst|          ; 21 (21)     ; 17           ; 0          ; 0    ; 0            ; 4 (4)        ; 0 (0)             ; 17 (17)          ; 16 (16)         ; 0 (0)      ; |DDM|divisor:inst       ; work         ;
+----------------------------+-------------+--------------+------------+------+--------------+--------------+-------------------+------------------+-----------------+------------+-------------------------+--------------+
Note: For table entries with two numbers listed, the numbers in parentheses indicate the number of resources of the given type used by the specific entity alone. The numbers listed outside of parentheses indicate the total resources of the given type used by the specific entity and all of its sub-entities in the hierarchy.


Encoding Type:  One-Hot
+-----------------------------------------------------------------------------------------------------------------------------------------------------+
; State Machine - |DDM|central4bits:inst2|estado_pr                                                                                                   ;
+--------------+--------------+--------------+--------------+--------------+--------------+--------------+--------------+--------------+--------------+
; Name         ; estado_pr.S9 ; estado_pr.S8 ; estado_pr.S7 ; estado_pr.S6 ; estado_pr.S5 ; estado_pr.S4 ; estado_pr.S3 ; estado_pr.S1 ; estado_pr.S0 ;
+--------------+--------------+--------------+--------------+--------------+--------------+--------------+--------------+--------------+--------------+
; estado_pr.S0 ; 0            ; 0            ; 0            ; 0            ; 0            ; 0            ; 0            ; 0            ; 0            ;
; estado_pr.S1 ; 0            ; 0            ; 0            ; 0            ; 0            ; 0            ; 0            ; 1            ; 1            ;
; estado_pr.S3 ; 0            ; 0            ; 0            ; 0            ; 0            ; 0            ; 1            ; 0            ; 1            ;
; estado_pr.S4 ; 0            ; 0            ; 0            ; 0            ; 0            ; 1            ; 0            ; 0            ; 1            ;
; estado_pr.S5 ; 0            ; 0            ; 0            ; 0            ; 1            ; 0            ; 0            ; 0            ; 1            ;
; estado_pr.S6 ; 0            ; 0            ; 0            ; 1            ; 0            ; 0            ; 0            ; 0            ; 1            ;
; estado_pr.S7 ; 0            ; 0            ; 1            ; 0            ; 0            ; 0            ; 0            ; 0            ; 1            ;
; estado_pr.S8 ; 0            ; 1            ; 0            ; 0            ; 0            ; 0            ; 0            ; 0            ; 1            ;
; estado_pr.S9 ; 1            ; 0            ; 0            ; 0            ; 0            ; 0            ; 0            ; 0            ; 1            ;
+--------------+--------------+--------------+--------------+--------------+--------------+--------------+--------------+--------------+--------------+


Encoding Type:  One-Hot
+---------------------------------------------------------------------+
; State Machine - |DDM|Teclado4bits:inst1|pr_state                    ;
+-------------+-------------+-------------+-------------+-------------+
; Name        ; pr_state.s3 ; pr_state.s2 ; pr_state.s1 ; pr_state.s0 ;
+-------------+-------------+-------------+-------------+-------------+
; pr_state.s0 ; 0           ; 0           ; 0           ; 0           ;
; pr_state.s1 ; 0           ; 0           ; 1           ; 1           ;
; pr_state.s2 ; 0           ; 1           ; 0           ; 1           ;
; pr_state.s3 ; 1           ; 0           ; 0           ; 1           ;
+-------------+-------------+-------------+-------------+-------------+


+--------------------------------------------------------------------------------+
; Registers Removed During Synthesis                                             ;
+---------------------------------------+----------------------------------------+
; Register name                         ; Reason for Removal                     ;
+---------------------------------------+----------------------------------------+
; central4bits:inst2|estado_pr.S3       ; Stuck at GND due to stuck port data_in ;
; central4bits:inst2|estado_pr.S4       ; Stuck at GND due to stuck port data_in ;
; central4bits:inst2|estado_pr.S5       ; Stuck at GND due to stuck port data_in ;
; central4bits:inst2|estado_pr.S7       ; Stuck at GND due to stuck port data_in ;
; central4bits:inst2|estado_pr.S8       ; Stuck at GND due to stuck port data_in ;
; central4bits:inst2|estado_pr.S9       ; Stuck at GND due to stuck port data_in ;
; central4bits:inst2|estado_pr.S6       ; Stuck at GND due to stuck port data_in ;
; Total Number of Removed Registers = 7 ;                                        ;
+---------------------------------------+----------------------------------------+


+------------------------------------------------------------------------------------------------------+
; Removed Registers Triggering Further Register Optimizations                                          ;
+---------------------------------+---------------------------+----------------------------------------+
; Register name                   ; Reason for Removal        ; Registers Removed due to This Register ;
+---------------------------------+---------------------------+----------------------------------------+
; central4bits:inst2|estado_pr.S5 ; Stuck at GND              ; central4bits:inst2|estado_pr.S8        ;
;                                 ; due to stuck port data_in ;                                        ;
+---------------------------------+---------------------------+----------------------------------------+


+------------------------------------------------------+
; General Register Statistics                          ;
+----------------------------------------------+-------+
; Statistic                                    ; Value ;
+----------------------------------------------+-------+
; Total registers                              ; 23    ;
; Number of registers using Synchronous Clear  ; 16    ;
; Number of registers using Synchronous Load   ; 0     ;
; Number of registers using Asynchronous Clear ; 2     ;
; Number of registers using Asynchronous Load  ; 0     ;
; Number of registers using Clock Enable       ; 4     ;
; Number of registers using Preset             ; 0     ;
+----------------------------------------------+-------+


+-------------------------------+
; Analysis & Synthesis Messages ;
+-------------------------------+
Info: *******************************************************************
Info: Running Quartus II Analysis & Synthesis
    Info: Version 9.1 Build 350 03/24/2010 Service Pack 2 SJ Web Edition
    Info: Processing started: Mon Jun 03 15:25:23 2019
Info: Command: quartus_map --read_settings_files=on --write_settings_files=off DDM -c DDM
Info: Found 2 design units, including 1 entities, in source file bcd_7seg.vhd
    Info: Found design unit 1: BCD_7Seg-Behavioral
    Info: Found entity 1: BCD_7Seg
Info: Found 2 design units, including 1 entities, in source file central.vhd
    Info: Found design unit 1: central_1-Behavioral
    Info: Found entity 1: central_1
Info: Found 2 design units, including 1 entities, in source file dec_tec1.vhd
    Info: Found design unit 1: Teclado-behavior
    Info: Found entity 1: Teclado
Info: Found 2 design units, including 1 entities, in source file divisor.vhd
    Info: Found design unit 1: divisor-Behavioral
    Info: Found entity 1: divisor
Info: Found 1 design units, including 1 entities, in source file ddm.bdf
    Info: Found entity 1: DDM
Info: Found 0 design units, including 0 entities, in source file test.vhd
Info: Found 2 design units, including 1 entities, in source file central4bits.vhd
    Info: Found design unit 1: central4bits-Behavioral
    Info: Found entity 1: central4bits
Info: Found 2 design units, including 1 entities, in source file dec_tec4bits.vhd
    Info: Found design unit 1: Teclado4bits-behavior
    Info: Found entity 1: Teclado4bits
Info: Elaborating entity "DDM" for the top level hierarchy
Info: Elaborating entity "Teclado4bits" for hierarchy "Teclado4bits:inst1"
Warning (10492): VHDL Process Statement warning at dec_tec4bits.vhd(45): signal "pr_state" is read inside the Process Statement but isn't in the Process Statement's sensitivity list
Info: Elaborating entity "divisor" for hierarchy "divisor:inst"
Info: Elaborating entity "central4bits" for hierarchy "central4bits:inst2"
Warning (10445): VHDL Subtype or Type Declaration warning at Central4bits.vhd(50): subtype or type has null range
Warning (10036): Verilog HDL or VHDL warning at Central4bits.vhd(22): object "litros" assigned a value but never read
Warning (10541): VHDL Signal Declaration warning at Central4bits.vhd(28): used implicit default value for signal "cont" because signal was never assigned a value or an explicit default value. Use of implicit default value may introduce unintended design optimizations.
Warning (10296): VHDL warning at Central4bits.vhd(62): ignored assignment of value to null range
Warning (10296): VHDL warning at Central4bits.vhd(72): ignored assignment of value to null range
Warning (10296): VHDL warning at Central4bits.vhd(74): ignored assignment of value to null range
Warning (10492): VHDL Process Statement warning at Central4bits.vhd(124): signal "cont" is read inside the Process Statement but isn't in the Process Statement's sensitivity list
Warning (10492): VHDL Process Statement warning at Central4bits.vhd(141): signal "cont" is read inside the Process Statement but isn't in the Process Statement's sensitivity list
Warning (10492): VHDL Process Statement warning at Central4bits.vhd(172): signal "cont" is read inside the Process Statement but isn't in the Process Statement's sensitivity list
Warning (10492): VHDL Process Statement warning at Central4bits.vhd(189): signal "cont" is read inside the Process Statement but isn't in the Process Statement's sensitivity list
Warning (10631): VHDL Process Statement warning at Central4bits.vhd(49): inferring latch(es) for signal or variable "contador", which holds its previous value in one or more paths through the process
Warning (10631): VHDL Process Statement warning at Central4bits.vhd(49): inferring latch(es) for signal or variable "precio", which holds its previous value in one or more paths through the process
Warning: Output pins are stuck at VCC or GND
    Warning (13410): Pin "salidaMagna" is stuck at GND
    Warning (13410): Pin "salidaPremium" is stuck at GND
    Warning (13410): Pin "debug[3]" is stuck at GND
    Warning (13410): Pin "debug[2]" is stuck at GND
Warning: Design contains 2 input pin(s) that do not drive logic
    Warning (15610): No output dependent on input pin "magna"
    Warning (15610): No output dependent on input pin "premium"
Info: Implemented 62 device resources after synthesis - the final resource count might be different
    Info: Implemented 7 input pins
    Info: Implemented 16 output pins
    Info: Implemented 39 logic cells
Info: Quartus II Analysis & Synthesis was successful. 0 errors, 21 warnings
    Info: Peak virtual memory: 209 megabytes
    Info: Processing ended: Mon Jun 03 15:25:29 2019
    Info: Elapsed time: 00:00:06
    Info: Total CPU time (on all processors): 00:00:05


